
AVRASM ver. 2.1.30  C:\Users\User\Desktop\Robotic\Footballist\robot kol\Release\List\armin 4.asm Mon Oct 30 13:30:05 2017

C:\Users\User\Desktop\Robotic\Footballist\robot kol\Release\List\armin 4.asm(1072): warning: Register r5 already defined by the .DEF directive
C:\Users\User\Desktop\Robotic\Footballist\robot kol\Release\List\armin 4.asm(1073): warning: Register r4 already defined by the .DEF directive
C:\Users\User\Desktop\Robotic\Footballist\robot kol\Release\List\armin 4.asm(1074): warning: Register r7 already defined by the .DEF directive
                 
                 
                 ;CodeVisionAVR C Compiler V2.05.3 Standard
                 ;(C) Copyright 1998-2011 Pavel Haiduc, HP InfoTech s.r.l.
                 ;http://www.hpinfotech.com
                 
                 ;Chip type                : ATmega16
                 ;Program type             : Application
                 ;Clock frequency          : 1.000000 MHz
                 ;Memory model             : Small
                 ;Optimize for             : Size
                 ;(s)printf features       : int, width
                 ;(s)scanf features        : int, width
                 ;External RAM size        : 0
                 ;Data Stack size          : 256 byte(s)
                 ;Heap size                : 0 byte(s)
                 ;Promote 'char' to 'int'  : Yes
                 ;'char' is unsigned       : Yes
                 ;8 bit enums              : Yes
                 ;Global 'const' stored in FLASH     : Yes
                 ;Enhanced function parameter passing: Yes
                 ;Enhanced core instructions         : On
                 ;Smart register allocation          : On
                 ;Automatic register allocation      : On
                 
                 	#pragma AVRPART ADMIN PART_NAME ATmega16
                 	#pragma AVRPART MEMORY PROG_FLASH 16384
                 	#pragma AVRPART MEMORY EEPROM 512
                 	#pragma AVRPART MEMORY INT_SRAM SIZE 1119
                 	#pragma AVRPART MEMORY INT_SRAM START_ADDR 0x60
                 
                 	#define CALL_SUPPORTED 1
                 
                 	.LISTMAC
                 	.EQU UDRE=0x5
                 	.EQU RXC=0x7
                 	.EQU USR=0xB
                 	.EQU UDR=0xC
                 	.EQU SPSR=0xE
                 	.EQU SPDR=0xF
                 	.EQU EERE=0x0
                 	.EQU EEWE=0x1
                 	.EQU EEMWE=0x2
                 	.EQU EECR=0x1C
                 	.EQU EEDR=0x1D
                 	.EQU EEARL=0x1E
                 	.EQU EEARH=0x1F
                 	.EQU WDTCR=0x21
                 	.EQU MCUCR=0x35
                 	.EQU GICR=0x3B
                 	.EQU SPL=0x3D
                 	.EQU SPH=0x3E
                 	.EQU SREG=0x3F
                 
                 	.DEF R0X0=R0
                 	.DEF R0X1=R1
                 	.DEF R0X2=R2
                 	.DEF R0X3=R3
                 	.DEF R0X4=R4
                 	.DEF R0X5=R5
                 	.DEF R0X6=R6
                 	.DEF R0X7=R7
                 	.DEF R0X8=R8
                 	.DEF R0X9=R9
                 	.DEF R0XA=R10
                 	.DEF R0XB=R11
                 	.DEF R0XC=R12
                 	.DEF R0XD=R13
                 	.DEF R0XE=R14
                 	.DEF R0XF=R15
                 	.DEF R0X10=R16
                 	.DEF R0X11=R17
                 	.DEF R0X12=R18
                 	.DEF R0X13=R19
                 	.DEF R0X14=R20
                 	.DEF R0X15=R21
                 	.DEF R0X16=R22
                 	.DEF R0X17=R23
                 	.DEF R0X18=R24
                 	.DEF R0X19=R25
                 	.DEF R0X1A=R26
                 	.DEF R0X1B=R27
                 	.DEF R0X1C=R28
                 	.DEF R0X1D=R29
                 	.DEF R0X1E=R30
                 	.DEF R0X1F=R31
                 
                 	.EQU __SRAM_START=0x0060
                 	.EQU __SRAM_END=0x045F
                 	.EQU __DSTACK_SIZE=0x0100
                 	.EQU __HEAP_SIZE=0x0000
                 	.EQU __CLEAR_SRAM_SIZE=__SRAM_END-__SRAM_START+1
                 
                 	.MACRO __CPD1N
                 	CPI  R30,LOW(@0)
                 	LDI  R26,HIGH(@0)
                 	CPC  R31,R26
                 	LDI  R26,BYTE3(@0)
                 	CPC  R22,R26
                 	LDI  R26,BYTE4(@0)
                 	CPC  R23,R26
                 	.ENDM
                 
                 	.MACRO __CPD2N
                 	CPI  R26,LOW(@0)
                 	LDI  R30,HIGH(@0)
                 	CPC  R27,R30
                 	LDI  R30,BYTE3(@0)
                 	CPC  R24,R30
                 	LDI  R30,BYTE4(@0)
                 	CPC  R25,R30
                 	.ENDM
                 
                 	.MACRO __CPWRR
                 	CP   R@0,R@2
                 	CPC  R@1,R@3
                 	.ENDM
                 
                 	.MACRO __CPWRN
                 	CPI  R@0,LOW(@2)
                 	LDI  R30,HIGH(@2)
                 	CPC  R@1,R30
                 	.ENDM
                 
                 	.MACRO __ADDB1MN
                 	SUBI R30,LOW(-@0-(@1))
                 	.ENDM
                 
                 	.MACRO __ADDB2MN
                 	SUBI R26,LOW(-@0-(@1))
                 	.ENDM
                 
                 	.MACRO __ADDW1MN
                 	SUBI R30,LOW(-@0-(@1))
                 	SBCI R31,HIGH(-@0-(@1))
                 	.ENDM
                 
                 	.MACRO __ADDW2MN
                 	SUBI R26,LOW(-@0-(@1))
                 	SBCI R27,HIGH(-@0-(@1))
                 	.ENDM
                 
                 	.MACRO __ADDW1FN
                 	SUBI R30,LOW(-2*@0-(@1))
                 	SBCI R31,HIGH(-2*@0-(@1))
                 	.ENDM
                 
                 	.MACRO __ADDD1FN
                 	SUBI R30,LOW(-2*@0-(@1))
                 	SBCI R31,HIGH(-2*@0-(@1))
                 	SBCI R22,BYTE3(-2*@0-(@1))
                 	.ENDM
                 
                 	.MACRO __ADDD1N
                 	SUBI R30,LOW(-@0)
                 	SBCI R31,HIGH(-@0)
                 	SBCI R22,BYTE3(-@0)
                 	SBCI R23,BYTE4(-@0)
                 	.ENDM
                 
                 	.MACRO __ADDD2N
                 	SUBI R26,LOW(-@0)
                 	SBCI R27,HIGH(-@0)
                 	SBCI R24,BYTE3(-@0)
                 	SBCI R25,BYTE4(-@0)
                 	.ENDM
                 
                 	.MACRO __SUBD1N
                 	SUBI R30,LOW(@0)
                 	SBCI R31,HIGH(@0)
                 	SBCI R22,BYTE3(@0)
                 	SBCI R23,BYTE4(@0)
                 	.ENDM
                 
                 	.MACRO __SUBD2N
                 	SUBI R26,LOW(@0)
                 	SBCI R27,HIGH(@0)
                 	SBCI R24,BYTE3(@0)
                 	SBCI R25,BYTE4(@0)
                 	.ENDM
                 
                 	.MACRO __ANDBMNN
                 	LDS  R30,@0+(@1)
                 	ANDI R30,LOW(@2)
                 	STS  @0+(@1),R30
                 	.ENDM
                 
                 	.MACRO __ANDWMNN
                 	LDS  R30,@0+(@1)
                 	ANDI R30,LOW(@2)
                 	STS  @0+(@1),R30
                 	LDS  R30,@0+(@1)+1
                 	ANDI R30,HIGH(@2)
                 	STS  @0+(@1)+1,R30
                 	.ENDM
                 
                 	.MACRO __ANDD1N
                 	ANDI R30,LOW(@0)
                 	ANDI R31,HIGH(@0)
                 	ANDI R22,BYTE3(@0)
                 	ANDI R23,BYTE4(@0)
                 	.ENDM
                 
                 	.MACRO __ANDD2N
                 	ANDI R26,LOW(@0)
                 	ANDI R27,HIGH(@0)
                 	ANDI R24,BYTE3(@0)
                 	ANDI R25,BYTE4(@0)
                 	.ENDM
                 
                 	.MACRO __ORBMNN
                 	LDS  R30,@0+(@1)
                 	ORI  R30,LOW(@2)
                 	STS  @0+(@1),R30
                 	.ENDM
                 
                 	.MACRO __ORWMNN
                 	LDS  R30,@0+(@1)
                 	ORI  R30,LOW(@2)
                 	STS  @0+(@1),R30
                 	LDS  R30,@0+(@1)+1
                 	ORI  R30,HIGH(@2)
                 	STS  @0+(@1)+1,R30
                 	.ENDM
                 
                 	.MACRO __ORD1N
                 	ORI  R30,LOW(@0)
                 	ORI  R31,HIGH(@0)
                 	ORI  R22,BYTE3(@0)
                 	ORI  R23,BYTE4(@0)
                 	.ENDM
                 
                 	.MACRO __ORD2N
                 	ORI  R26,LOW(@0)
                 	ORI  R27,HIGH(@0)
                 	ORI  R24,BYTE3(@0)
                 	ORI  R25,BYTE4(@0)
                 	.ENDM
                 
                 	.MACRO __DELAY_USB
                 	LDI  R24,LOW(@0)
                 __DELAY_USB_LOOP:
                 	DEC  R24
                 	BRNE __DELAY_USB_LOOP
                 	.ENDM
                 
                 	.MACRO __DELAY_USW
                 	LDI  R24,LOW(@0)
                 	LDI  R25,HIGH(@0)
                 __DELAY_USW_LOOP:
                 	SBIW R24,1
                 	BRNE __DELAY_USW_LOOP
                 	.ENDM
                 
                 	.MACRO __GETD1S
                 	LDD  R30,Y+@0
                 	LDD  R31,Y+@0+1
                 	LDD  R22,Y+@0+2
                 	LDD  R23,Y+@0+3
                 	.ENDM
                 
                 	.MACRO __GETD2S
                 	LDD  R26,Y+@0
                 	LDD  R27,Y+@0+1
                 	LDD  R24,Y+@0+2
                 	LDD  R25,Y+@0+3
                 	.ENDM
                 
                 	.MACRO __PUTD1S
                 	STD  Y+@0,R30
                 	STD  Y+@0+1,R31
                 	STD  Y+@0+2,R22
                 	STD  Y+@0+3,R23
                 	.ENDM
                 
                 	.MACRO __PUTD2S
                 	STD  Y+@0,R26
                 	STD  Y+@0+1,R27
                 	STD  Y+@0+2,R24
                 	STD  Y+@0+3,R25
                 	.ENDM
                 
                 	.MACRO __PUTDZ2
                 	STD  Z+@0,R26
                 	STD  Z+@0+1,R27
                 	STD  Z+@0+2,R24
                 	STD  Z+@0+3,R25
                 	.ENDM
                 
                 	.MACRO __CLRD1S
                 	STD  Y+@0,R30
                 	STD  Y+@0+1,R30
                 	STD  Y+@0+2,R30
                 	STD  Y+@0+3,R30
                 	.ENDM
                 
                 	.MACRO __POINTB1MN
                 	LDI  R30,LOW(@0+(@1))
                 	.ENDM
                 
                 	.MACRO __POINTW1MN
                 	LDI  R30,LOW(@0+(@1))
                 	LDI  R31,HIGH(@0+(@1))
                 	.ENDM
                 
                 	.MACRO __POINTD1M
                 	LDI  R30,LOW(@0)
                 	LDI  R31,HIGH(@0)
                 	LDI  R22,BYTE3(@0)
                 	LDI  R23,BYTE4(@0)
                 	.ENDM
                 
                 	.MACRO __POINTW1FN
                 	LDI  R30,LOW(2*@0+(@1))
                 	LDI  R31,HIGH(2*@0+(@1))
                 	.ENDM
                 
                 	.MACRO __POINTD1FN
                 	LDI  R30,LOW(2*@0+(@1))
                 	LDI  R31,HIGH(2*@0+(@1))
                 	LDI  R22,BYTE3(2*@0+(@1))
                 	LDI  R23,BYTE4(2*@0+(@1))
                 	.ENDM
                 
                 	.MACRO __POINTB2MN
                 	LDI  R26,LOW(@0+(@1))
                 	.ENDM
                 
                 	.MACRO __POINTW2MN
                 	LDI  R26,LOW(@0+(@1))
                 	LDI  R27,HIGH(@0+(@1))
                 	.ENDM
                 
                 	.MACRO __POINTW2FN
                 	LDI  R26,LOW(2*@0+(@1))
                 	LDI  R27,HIGH(2*@0+(@1))
                 	.ENDM
                 
                 	.MACRO __POINTD2FN
                 	LDI  R26,LOW(2*@0+(@1))
                 	LDI  R27,HIGH(2*@0+(@1))
                 	LDI  R24,BYTE3(2*@0+(@1))
                 	LDI  R25,BYTE4(2*@0+(@1))
                 	.ENDM
                 
                 	.MACRO __POINTBRM
                 	LDI  R@0,LOW(@1)
                 	.ENDM
                 
                 	.MACRO __POINTWRM
                 	LDI  R@0,LOW(@2)
                 	LDI  R@1,HIGH(@2)
                 	.ENDM
                 
                 	.MACRO __POINTBRMN
                 	LDI  R@0,LOW(@1+(@2))
                 	.ENDM
                 
                 	.MACRO __POINTWRMN
                 	LDI  R@0,LOW(@2+(@3))
                 	LDI  R@1,HIGH(@2+(@3))
                 	.ENDM
                 
                 	.MACRO __POINTWRFN
                 	LDI  R@0,LOW(@2*2+(@3))
                 	LDI  R@1,HIGH(@2*2+(@3))
                 	.ENDM
                 
                 	.MACRO __GETD1N
                 	LDI  R30,LOW(@0)
                 	LDI  R31,HIGH(@0)
                 	LDI  R22,BYTE3(@0)
                 	LDI  R23,BYTE4(@0)
                 	.ENDM
                 
                 	.MACRO __GETD2N
                 	LDI  R26,LOW(@0)
                 	LDI  R27,HIGH(@0)
                 	LDI  R24,BYTE3(@0)
                 	LDI  R25,BYTE4(@0)
                 	.ENDM
                 
                 	.MACRO __GETB1MN
                 	LDS  R30,@0+(@1)
                 	.ENDM
                 
                 	.MACRO __GETB1HMN
                 	LDS  R31,@0+(@1)
                 	.ENDM
                 
                 	.MACRO __GETW1MN
                 	LDS  R30,@0+(@1)
                 	LDS  R31,@0+(@1)+1
                 	.ENDM
                 
                 	.MACRO __GETD1MN
                 	LDS  R30,@0+(@1)
                 	LDS  R31,@0+(@1)+1
                 	LDS  R22,@0+(@1)+2
                 	LDS  R23,@0+(@1)+3
                 	.ENDM
                 
                 	.MACRO __GETBRMN
                 	LDS  R@0,@1+(@2)
                 	.ENDM
                 
                 	.MACRO __GETWRMN
                 	LDS  R@0,@2+(@3)
                 	LDS  R@1,@2+(@3)+1
                 	.ENDM
                 
                 	.MACRO __GETWRZ
                 	LDD  R@0,Z+@2
                 	LDD  R@1,Z+@2+1
                 	.ENDM
                 
                 	.MACRO __GETD2Z
                 	LDD  R26,Z+@0
                 	LDD  R27,Z+@0+1
                 	LDD  R24,Z+@0+2
                 	LDD  R25,Z+@0+3
                 	.ENDM
                 
                 	.MACRO __GETB2MN
                 	LDS  R26,@0+(@1)
                 	.ENDM
                 
                 	.MACRO __GETW2MN
                 	LDS  R26,@0+(@1)
                 	LDS  R27,@0+(@1)+1
                 	.ENDM
                 
                 	.MACRO __GETD2MN
                 	LDS  R26,@0+(@1)
                 	LDS  R27,@0+(@1)+1
                 	LDS  R24,@0+(@1)+2
                 	LDS  R25,@0+(@1)+3
                 	.ENDM
                 
                 	.MACRO __PUTB1MN
                 	STS  @0+(@1),R30
                 	.ENDM
                 
                 	.MACRO __PUTW1MN
                 	STS  @0+(@1),R30
                 	STS  @0+(@1)+1,R31
                 	.ENDM
                 
                 	.MACRO __PUTD1MN
                 	STS  @0+(@1),R30
                 	STS  @0+(@1)+1,R31
                 	STS  @0+(@1)+2,R22
                 	STS  @0+(@1)+3,R23
                 	.ENDM
                 
                 	.MACRO __PUTB1EN
                 	LDI  R26,LOW(@0+(@1))
                 	LDI  R27,HIGH(@0+(@1))
                 	CALL __EEPROMWRB
                 	.ENDM
                 
                 	.MACRO __PUTW1EN
                 	LDI  R26,LOW(@0+(@1))
                 	LDI  R27,HIGH(@0+(@1))
                 	CALL __EEPROMWRW
                 	.ENDM
                 
                 	.MACRO __PUTD1EN
                 	LDI  R26,LOW(@0+(@1))
                 	LDI  R27,HIGH(@0+(@1))
                 	CALL __EEPROMWRD
                 	.ENDM
                 
                 	.MACRO __PUTBR0MN
                 	STS  @0+(@1),R0
                 	.ENDM
                 
                 	.MACRO __PUTBMRN
                 	STS  @0+(@1),R@2
                 	.ENDM
                 
                 	.MACRO __PUTWMRN
                 	STS  @0+(@1),R@2
                 	STS  @0+(@1)+1,R@3
                 	.ENDM
                 
                 	.MACRO __PUTBZR
                 	STD  Z+@1,R@0
                 	.ENDM
                 
                 	.MACRO __PUTWZR
                 	STD  Z+@2,R@0
                 	STD  Z+@2+1,R@1
                 	.ENDM
                 
                 	.MACRO __GETW1R
                 	MOV  R30,R@0
                 	MOV  R31,R@1
                 	.ENDM
                 
                 	.MACRO __GETW2R
                 	MOV  R26,R@0
                 	MOV  R27,R@1
                 	.ENDM
                 
                 	.MACRO __GETWRN
                 	LDI  R@0,LOW(@2)
                 	LDI  R@1,HIGH(@2)
                 	.ENDM
                 
                 	.MACRO __PUTW1R
                 	MOV  R@0,R30
                 	MOV  R@1,R31
                 	.ENDM
                 
                 	.MACRO __PUTW2R
                 	MOV  R@0,R26
                 	MOV  R@1,R27
                 	.ENDM
                 
                 	.MACRO __ADDWRN
                 	SUBI R@0,LOW(-@2)
                 	SBCI R@1,HIGH(-@2)
                 	.ENDM
                 
                 	.MACRO __ADDWRR
                 	ADD  R@0,R@2
                 	ADC  R@1,R@3
                 	.ENDM
                 
                 	.MACRO __SUBWRN
                 	SUBI R@0,LOW(@2)
                 	SBCI R@1,HIGH(@2)
                 	.ENDM
                 
                 	.MACRO __SUBWRR
                 	SUB  R@0,R@2
                 	SBC  R@1,R@3
                 	.ENDM
                 
                 	.MACRO __ANDWRN
                 	ANDI R@0,LOW(@2)
                 	ANDI R@1,HIGH(@2)
                 	.ENDM
                 
                 	.MACRO __ANDWRR
                 	AND  R@0,R@2
                 	AND  R@1,R@3
                 	.ENDM
                 
                 	.MACRO __ORWRN
                 	ORI  R@0,LOW(@2)
                 	ORI  R@1,HIGH(@2)
                 	.ENDM
                 
                 	.MACRO __ORWRR
                 	OR   R@0,R@2
                 	OR   R@1,R@3
                 	.ENDM
                 
                 	.MACRO __EORWRR
                 	EOR  R@0,R@2
                 	EOR  R@1,R@3
                 	.ENDM
                 
                 	.MACRO __GETWRS
                 	LDD  R@0,Y+@2
                 	LDD  R@1,Y+@2+1
                 	.ENDM
                 
                 	.MACRO __PUTBSR
                 	STD  Y+@1,R@0
                 	.ENDM
                 
                 	.MACRO __PUTWSR
                 	STD  Y+@2,R@0
                 	STD  Y+@2+1,R@1
                 	.ENDM
                 
                 	.MACRO __MOVEWRR
                 	MOV  R@0,R@2
                 	MOV  R@1,R@3
                 	.ENDM
                 
                 	.MACRO __INWR
                 	IN   R@0,@2
                 	IN   R@1,@2+1
                 	.ENDM
                 
                 	.MACRO __OUTWR
                 	OUT  @2+1,R@1
                 	OUT  @2,R@0
                 	.ENDM
                 
                 	.MACRO __CALL1MN
                 	LDS  R30,@0+(@1)
                 	LDS  R31,@0+(@1)+1
                 	ICALL
                 	.ENDM
                 
                 	.MACRO __CALL1FN
                 	LDI  R30,LOW(2*@0+(@1))
                 	LDI  R31,HIGH(2*@0+(@1))
                 	CALL __GETW1PF
                 	ICALL
                 	.ENDM
                 
                 	.MACRO __CALL2EN
                 	LDI  R26,LOW(@0+(@1))
                 	LDI  R27,HIGH(@0+(@1))
                 	CALL __EEPROMRDW
                 	ICALL
                 	.ENDM
                 
                 	.MACRO __GETW1STACK
                 	IN   R26,SPL
                 	IN   R27,SPH
                 	ADIW R26,@0+1
                 	LD   R30,X+
                 	LD   R31,X
                 	.ENDM
                 
                 	.MACRO __GETD1STACK
                 	IN   R26,SPL
                 	IN   R27,SPH
                 	ADIW R26,@0+1
                 	LD   R30,X+
                 	LD   R31,X+
                 	LD   R22,X
                 	.ENDM
                 
                 	.MACRO __NBST
                 	BST  R@0,@1
                 	IN   R30,SREG
                 	LDI  R31,0x40
                 	EOR  R30,R31
                 	OUT  SREG,R30
                 	.ENDM
                 
                 
                 	.MACRO __PUTB1SN
                 	LDD  R26,Y+@0
                 	LDD  R27,Y+@0+1
                 	SUBI R26,LOW(-@1)
                 	SBCI R27,HIGH(-@1)
                 	ST   X,R30
                 	.ENDM
                 
                 	.MACRO __PUTW1SN
                 	LDD  R26,Y+@0
                 	LDD  R27,Y+@0+1
                 	SUBI R26,LOW(-@1)
                 	SBCI R27,HIGH(-@1)
                 	ST   X+,R30
                 	ST   X,R31
                 	.ENDM
                 
                 	.MACRO __PUTD1SN
                 	LDD  R26,Y+@0
                 	LDD  R27,Y+@0+1
                 	SUBI R26,LOW(-@1)
                 	SBCI R27,HIGH(-@1)
                 	CALL __PUTDP1
                 	.ENDM
                 
                 	.MACRO __PUTB1SNS
                 	LDD  R26,Y+@0
                 	LDD  R27,Y+@0+1
                 	ADIW R26,@1
                 	ST   X,R30
                 	.ENDM
                 
                 	.MACRO __PUTW1SNS
                 	LDD  R26,Y+@0
                 	LDD  R27,Y+@0+1
                 	ADIW R26,@1
                 	ST   X+,R30
                 	ST   X,R31
                 	.ENDM
                 
                 	.MACRO __PUTD1SNS
                 	LDD  R26,Y+@0
                 	LDD  R27,Y+@0+1
                 	ADIW R26,@1
                 	CALL __PUTDP1
                 	.ENDM
                 
                 	.MACRO __PUTB1PMN
                 	LDS  R26,@0
                 	LDS  R27,@0+1
                 	SUBI R26,LOW(-@1)
                 	SBCI R27,HIGH(-@1)
                 	ST   X,R30
                 	.ENDM
                 
                 	.MACRO __PUTW1PMN
                 	LDS  R26,@0
                 	LDS  R27,@0+1
                 	SUBI R26,LOW(-@1)
                 	SBCI R27,HIGH(-@1)
                 	ST   X+,R30
                 	ST   X,R31
                 	.ENDM
                 
                 	.MACRO __PUTD1PMN
                 	LDS  R26,@0
                 	LDS  R27,@0+1
                 	SUBI R26,LOW(-@1)
                 	SBCI R27,HIGH(-@1)
                 	CALL __PUTDP1
                 	.ENDM
                 
                 	.MACRO __PUTB1PMNS
                 	LDS  R26,@0
                 	LDS  R27,@0+1
                 	ADIW R26,@1
                 	ST   X,R30
                 	.ENDM
                 
                 	.MACRO __PUTW1PMNS
                 	LDS  R26,@0
                 	LDS  R27,@0+1
                 	ADIW R26,@1
                 	ST   X+,R30
                 	ST   X,R31
                 	.ENDM
                 
                 	.MACRO __PUTD1PMNS
                 	LDS  R26,@0
                 	LDS  R27,@0+1
                 	ADIW R26,@1
                 	CALL __PUTDP1
                 	.ENDM
                 
                 	.MACRO __PUTB1RN
                 	MOVW R26,R@0
                 	SUBI R26,LOW(-@1)
                 	SBCI R27,HIGH(-@1)
                 	ST   X,R30
                 	.ENDM
                 
                 	.MACRO __PUTW1RN
                 	MOVW R26,R@0
                 	SUBI R26,LOW(-@1)
                 	SBCI R27,HIGH(-@1)
                 	ST   X+,R30
                 	ST   X,R31
                 	.ENDM
                 
                 	.MACRO __PUTD1RN
                 	MOVW R26,R@0
                 	SUBI R26,LOW(-@1)
                 	SBCI R27,HIGH(-@1)
                 	CALL __PUTDP1
                 	.ENDM
                 
                 	.MACRO __PUTB1RNS
                 	MOVW R26,R@0
                 	ADIW R26,@1
                 	ST   X,R30
                 	.ENDM
                 
                 	.MACRO __PUTW1RNS
                 	MOVW R26,R@0
                 	ADIW R26,@1
                 	ST   X+,R30
                 	ST   X,R31
                 	.ENDM
                 
                 	.MACRO __PUTD1RNS
                 	MOVW R26,R@0
                 	ADIW R26,@1
                 	CALL __PUTDP1
                 	.ENDM
                 
                 	.MACRO __PUTB1RON
                 	MOV  R26,R@0
                 	MOV  R27,R@1
                 	SUBI R26,LOW(-@2)
                 	SBCI R27,HIGH(-@2)
                 	ST   X,R30
                 	.ENDM
                 
                 	.MACRO __PUTW1RON
                 	MOV  R26,R@0
                 	MOV  R27,R@1
                 	SUBI R26,LOW(-@2)
                 	SBCI R27,HIGH(-@2)
                 	ST   X+,R30
                 	ST   X,R31
                 	.ENDM
                 
                 	.MACRO __PUTD1RON
                 	MOV  R26,R@0
                 	MOV  R27,R@1
                 	SUBI R26,LOW(-@2)
                 	SBCI R27,HIGH(-@2)
                 	CALL __PUTDP1
                 	.ENDM
                 
                 	.MACRO __PUTB1RONS
                 	MOV  R26,R@0
                 	MOV  R27,R@1
                 	ADIW R26,@2
                 	ST   X,R30
                 	.ENDM
                 
                 	.MACRO __PUTW1RONS
                 	MOV  R26,R@0
                 	MOV  R27,R@1
                 	ADIW R26,@2
                 	ST   X+,R30
                 	ST   X,R31
                 	.ENDM
                 
                 	.MACRO __PUTD1RONS
                 	MOV  R26,R@0
                 	MOV  R27,R@1
                 	ADIW R26,@2
                 	CALL __PUTDP1
                 	.ENDM
                 
                 
                 	.MACRO __GETB1SX
                 	MOVW R30,R28
                 	SUBI R30,LOW(-@0)
                 	SBCI R31,HIGH(-@0)
                 	LD   R30,Z
                 	.ENDM
                 
                 	.MACRO __GETB1HSX
                 	MOVW R30,R28
                 	SUBI R30,LOW(-@0)
                 	SBCI R31,HIGH(-@0)
                 	LD   R31,Z
                 	.ENDM
                 
                 	.MACRO __GETW1SX
                 	MOVW R30,R28
                 	SUBI R30,LOW(-@0)
                 	SBCI R31,HIGH(-@0)
                 	LD   R0,Z+
                 	LD   R31,Z
                 	MOV  R30,R0
                 	.ENDM
                 
                 	.MACRO __GETD1SX
                 	MOVW R30,R28
                 	SUBI R30,LOW(-@0)
                 	SBCI R31,HIGH(-@0)
                 	LD   R0,Z+
                 	LD   R1,Z+
                 	LD   R22,Z+
                 	LD   R23,Z
                 	MOVW R30,R0
                 	.ENDM
                 
                 	.MACRO __GETB2SX
                 	MOVW R26,R28
                 	SUBI R26,LOW(-@0)
                 	SBCI R27,HIGH(-@0)
                 	LD   R26,X
                 	.ENDM
                 
                 	.MACRO __GETW2SX
                 	MOVW R26,R28
                 	SUBI R26,LOW(-@0)
                 	SBCI R27,HIGH(-@0)
                 	LD   R0,X+
                 	LD   R27,X
                 	MOV  R26,R0
                 	.ENDM
                 
                 	.MACRO __GETD2SX
                 	MOVW R26,R28
                 	SUBI R26,LOW(-@0)
                 	SBCI R27,HIGH(-@0)
                 	LD   R0,X+
                 	LD   R1,X+
                 	LD   R24,X+
                 	LD   R25,X
                 	MOVW R26,R0
                 	.ENDM
                 
                 	.MACRO __GETBRSX
                 	MOVW R30,R28
                 	SUBI R30,LOW(-@1)
                 	SBCI R31,HIGH(-@1)
                 	LD   R@0,Z
                 	.ENDM
                 
                 	.MACRO __GETWRSX
                 	MOVW R30,R28
                 	SUBI R30,LOW(-@2)
                 	SBCI R31,HIGH(-@2)
                 	LD   R@0,Z+
                 	LD   R@1,Z
                 	.ENDM
                 
                 	.MACRO __GETBRSX2
                 	MOVW R26,R28
                 	SUBI R26,LOW(-@1)
                 	SBCI R27,HIGH(-@1)
                 	LD   R@0,X
                 	.ENDM
                 
                 	.MACRO __GETWRSX2
                 	MOVW R26,R28
                 	SUBI R26,LOW(-@2)
                 	SBCI R27,HIGH(-@2)
                 	LD   R@0,X+
                 	LD   R@1,X
                 	.ENDM
                 
                 	.MACRO __LSLW8SX
                 	MOVW R30,R28
                 	SUBI R30,LOW(-@0)
                 	SBCI R31,HIGH(-@0)
                 	LD   R31,Z
                 	CLR  R30
                 	.ENDM
                 
                 	.MACRO __PUTB1SX
                 	MOVW R26,R28
                 	SUBI R26,LOW(-@0)
                 	SBCI R27,HIGH(-@0)
                 	ST   X,R30
                 	.ENDM
                 
                 	.MACRO __PUTW1SX
                 	MOVW R26,R28
                 	SUBI R26,LOW(-@0)
                 	SBCI R27,HIGH(-@0)
                 	ST   X+,R30
                 	ST   X,R31
                 	.ENDM
                 
                 	.MACRO __PUTD1SX
                 	MOVW R26,R28
                 	SUBI R26,LOW(-@0)
                 	SBCI R27,HIGH(-@0)
                 	ST   X+,R30
                 	ST   X+,R31
                 	ST   X+,R22
                 	ST   X,R23
                 	.ENDM
                 
                 	.MACRO __CLRW1SX
                 	MOVW R26,R28
                 	SUBI R26,LOW(-@0)
                 	SBCI R27,HIGH(-@0)
                 	ST   X+,R30
                 	ST   X,R30
                 	.ENDM
                 
                 	.MACRO __CLRD1SX
                 	MOVW R26,R28
                 	SUBI R26,LOW(-@0)
                 	SBCI R27,HIGH(-@0)
                 	ST   X+,R30
                 	ST   X+,R30
                 	ST   X+,R30
                 	ST   X,R30
                 	.ENDM
                 
                 	.MACRO __PUTB2SX
                 	MOVW R30,R28
                 	SUBI R30,LOW(-@0)
                 	SBCI R31,HIGH(-@0)
                 	ST   Z,R26
                 	.ENDM
                 
                 	.MACRO __PUTW2SX
                 	MOVW R30,R28
                 	SUBI R30,LOW(-@0)
                 	SBCI R31,HIGH(-@0)
                 	ST   Z+,R26
                 	ST   Z,R27
                 	.ENDM
                 
                 	.MACRO __PUTD2SX
                 	MOVW R30,R28
                 	SUBI R30,LOW(-@0)
                 	SBCI R31,HIGH(-@0)
                 	ST   Z+,R26
                 	ST   Z+,R27
                 	ST   Z+,R24
                 	ST   Z,R25
                 	.ENDM
                 
                 	.MACRO __PUTBSRX
                 	MOVW R30,R28
                 	SUBI R30,LOW(-@1)
                 	SBCI R31,HIGH(-@1)
                 	ST   Z,R@0
                 	.ENDM
                 
                 	.MACRO __PUTWSRX
                 	MOVW R30,R28
                 	SUBI R30,LOW(-@2)
                 	SBCI R31,HIGH(-@2)
                 	ST   Z+,R@0
                 	ST   Z,R@1
                 	.ENDM
                 
                 	.MACRO __PUTB1SNX
                 	MOVW R26,R28
                 	SUBI R26,LOW(-@0)
                 	SBCI R27,HIGH(-@0)
                 	LD   R0,X+
                 	LD   R27,X
                 	MOV  R26,R0
                 	SUBI R26,LOW(-@1)
                 	SBCI R27,HIGH(-@1)
                 	ST   X,R30
                 	.ENDM
                 
                 	.MACRO __PUTW1SNX
                 	MOVW R26,R28
                 	SUBI R26,LOW(-@0)
                 	SBCI R27,HIGH(-@0)
                 	LD   R0,X+
                 	LD   R27,X
                 	MOV  R26,R0
                 	SUBI R26,LOW(-@1)
                 	SBCI R27,HIGH(-@1)
                 	ST   X+,R30
                 	ST   X,R31
                 	.ENDM
                 
                 	.MACRO __PUTD1SNX
                 	MOVW R26,R28
                 	SUBI R26,LOW(-@0)
                 	SBCI R27,HIGH(-@0)
                 	LD   R0,X+
                 	LD   R27,X
                 	MOV  R26,R0
                 	SUBI R26,LOW(-@1)
                 	SBCI R27,HIGH(-@1)
                 	ST   X+,R30
                 	ST   X+,R31
                 	ST   X+,R22
                 	ST   X,R23
                 	.ENDM
                 
                 	.MACRO __MULBRR
                 	MULS R@0,R@1
                 	MOVW R30,R0
                 	.ENDM
                 
                 	.MACRO __MULBRRU
                 	MUL  R@0,R@1
                 	MOVW R30,R0
                 	.ENDM
                 
                 	.MACRO __MULBRR0
                 	MULS R@0,R@1
                 	.ENDM
                 
                 	.MACRO __MULBRRU0
                 	MUL  R@0,R@1
                 	.ENDM
                 
                 	.MACRO __MULBNWRU
                 	LDI  R26,@2
                 	MUL  R26,R@0
                 	MOVW R30,R0
                 	MUL  R26,R@1
                 	ADD  R31,R0
                 	.ENDM
                 
                 ;NAME DEFINITIONS FOR GLOBAL VARIABLES ALLOCATED TO REGISTERS
                 	.DEF __lcd_x=R5
                 	.DEF __lcd_y=R4
                 	.DEF __lcd_maxx=R7
                 
                 	.CSEG
                 	.ORG 0x00
                 
                 ;START OF CODE MARKER
                 __START_OF_CODE:
                 
                 ;INTERRUPT VECTORS
000000 940c 0036 	JMP  __RESET
000002 940c 0000 	JMP  0x00
000004 940c 0000 	JMP  0x00
000006 940c 0000 	JMP  0x00
000008 940c 0000 	JMP  0x00
00000a 940c 0000 	JMP  0x00
00000c 940c 0000 	JMP  0x00
00000e 940c 0000 	JMP  0x00
000010 940c 0000 	JMP  0x00
000012 940c 0000 	JMP  0x00
000014 940c 0000 	JMP  0x00
000016 940c 0000 	JMP  0x00
000018 940c 0000 	JMP  0x00
00001a 940c 0000 	JMP  0x00
00001c 940c 0000 	JMP  0x00
00001e 940c 0000 	JMP  0x00
000020 940c 0000 	JMP  0x00
000022 940c 0000 	JMP  0x00
000024 940c 0000 	JMP  0x00
000026 940c 0000 	JMP  0x00
000028 940c 0000 	JMP  0x00
                 
                 _0x0:
00002a 3440
00002b 314d
00002c 004e
00002d 5440      	.DB  0x40,0x34,0x4D,0x31,0x4E,0x0,0x40,0x54
00002e 3440
00002f 4430
C:\Users\User\Desktop\Robotic\Footballist\robot kol\Release\List\armin 4.asm(1107): warning: .cseg .db misalignment - padding zero byte
000030 0000      	.DB  0x40,0x34,0x30,0x44,0x0
                 _0x2000003:
000031 c080      	.DB  0x80,0xC0
                 
                 __GLOBAL_INI_TBL:
000032 0002      	.DW  0x02
000033 0160      	.DW  __base_y_G100
000034 0062      	.DW  _0x2000003*2
                 
                 _0xFFFFFFFF:
000035 0000      	.DW  0
                 
                 __RESET:
000036 94f8      	CLI
000037 27ee      	CLR  R30
000038 bbec      	OUT  EECR,R30
                 
                 ;INTERRUPT VECTORS ARE PLACED
                 ;AT THE START OF FLASH
000039 e0f1      	LDI  R31,1
00003a bffb      	OUT  GICR,R31
00003b bfeb      	OUT  GICR,R30
00003c bfe5      	OUT  MCUCR,R30
                 
                 ;DISABLE WATCHDOG
00003d e1f8      	LDI  R31,0x18
00003e bdf1      	OUT  WDTCR,R31
00003f bde1      	OUT  WDTCR,R30
                 
                 ;CLEAR R2-R14
000040 e08d      	LDI  R24,(14-2)+1
000041 e0a2      	LDI  R26,2
000042 27bb      	CLR  R27
                 __CLEAR_REG:
000043 93ed      	ST   X+,R30
000044 958a      	DEC  R24
000045 f7e9      	BRNE __CLEAR_REG
                 
                 ;CLEAR SRAM
000046 e080      	LDI  R24,LOW(__CLEAR_SRAM_SIZE)
000047 e094      	LDI  R25,HIGH(__CLEAR_SRAM_SIZE)
000048 e6a0      	LDI  R26,__SRAM_START
                 __CLEAR_SRAM:
000049 93ed      	ST   X+,R30
00004a 9701      	SBIW R24,1
00004b f7e9      	BRNE __CLEAR_SRAM
                 
                 ;GLOBAL VARIABLES INITIALIZATION
00004c e6e4      	LDI  R30,LOW(__GLOBAL_INI_TBL*2)
00004d e0f0      	LDI  R31,HIGH(__GLOBAL_INI_TBL*2)
                 __GLOBAL_INI_NEXT:
00004e 9185      	LPM  R24,Z+
00004f 9195      	LPM  R25,Z+
000050 9700      	SBIW R24,0
000051 f061      	BREQ __GLOBAL_INI_END
000052 91a5      	LPM  R26,Z+
000053 91b5      	LPM  R27,Z+
000054 9005      	LPM  R0,Z+
000055 9015      	LPM  R1,Z+
000056 01bf      	MOVW R22,R30
000057 01f0      	MOVW R30,R0
                 __GLOBAL_INI_LOOP:
000058 9005      	LPM  R0,Z+
000059 920d      	ST   X+,R0
00005a 9701      	SBIW R24,1
00005b f7e1      	BRNE __GLOBAL_INI_LOOP
00005c 01fb      	MOVW R30,R22
00005d cff0      	RJMP __GLOBAL_INI_NEXT
                 __GLOBAL_INI_END:
                 
                 ;HARDWARE STACK POINTER INITIALIZATION
00005e e5ef      	LDI  R30,LOW(__SRAM_END-__HEAP_SIZE)
00005f bfed      	OUT  SPL,R30
000060 e0e4      	LDI  R30,HIGH(__SRAM_END-__HEAP_SIZE)
000061 bfee      	OUT  SPH,R30
                 
                 ;DATA STACK POINTER INITIALIZATION
000062 e6c0      	LDI  R28,LOW(__SRAM_START+__DSTACK_SIZE)
000063 e0d1      	LDI  R29,HIGH(__SRAM_START+__DSTACK_SIZE)
                 
000064 940c 0066 	JMP  _main
                 
                 	.ESEG
                 	.ORG 0
                 
                 	.DSEG
                 	.ORG 0x160
                 
                 	.CSEG
                 ;/*******************************************************
                 ;This program was created by the
                 ;CodeWizardAVR V3.12 Advanced
                 ;Automatic Program Generator
                 ;© Copyright 1998-2014 Pavel Haiduc, HP InfoTech s.r.l.
                 ;http://www.hpinfotech.com
                 ;
                 ;Project :
                 ;Version :
                 ;Date    : 10/30/2017
                 ;Author  :
                 ;Company :
                 ;Comments:
                 ;
                 ;
                 ;Chip type               : ATmega16
                 ;Program type            : Application
                 ;AVR Core Clock frequency: 1.000000 MHz
                 ;Memory model            : Small
                 ;External RAM size       : 0
                 ;Data Stack size         : 256
                 ;*******************************************************/
                 ;
                 ;#include <mega16.h>
                 	#ifndef __SLEEP_DEFINED__
                 	#define __SLEEP_DEFINED__
                 	.EQU __se_bit=0x40
                 	.EQU __sm_mask=0xB0
                 	.EQU __sm_powerdown=0x20
                 	.EQU __sm_powersave=0x30
                 	.EQU __sm_standby=0xA0
                 	.EQU __sm_ext_standby=0xB0
                 	.EQU __sm_adc_noise_red=0x10
                 	.SET power_ctrl_reg=mcucr
                 	#endif
                 ;
                 ;#include <delay.h>
                 ;
                 ;// Alphanumeric LCD functions
                 ;#include <alcd.h>
                 ;
                 ;// Declare your global variables here
                 ;
                 ;// Voltage Reference: AVCC pin
                 ;#define ADC_VREF_TYPE ((0<<REFS1) | (1<<REFS0) | (0<<ADLAR))
                 ;
                 ;// Read the AD conversion result
                 ;unsigned int read_adc(unsigned char adc_input)
                 ; 0000 0026 {
                 
                 	.CSEG
                 ; 0000 0027 ADMUX=adc_input | ADC_VREF_TYPE;
                 ;	adc_input -> Y+0
                 ; 0000 0028 // Delay needed for the stabilization of the ADC input voltage
                 ; 0000 0029 delay_us(10);
                 ; 0000 002A // Start the AD conversion
                 ; 0000 002B ADCSRA|=(1<<ADSC);
                 ; 0000 002C // Wait for the AD conversion to complete
                 ; 0000 002D while ((ADCSRA & (1<<ADIF))==0);
                 ; 0000 002E ADCSRA|=(1<<ADIF);
                 ; 0000 002F return ADCW;
                 ; 0000 0030 }
                 ;
                 ;void main(void)
                 ; 0000 0033 {
                 _main:
                 ; 0000 0034 // Declare your local variables here
                 ; 0000 0035 
                 ; 0000 0036 // Input/Output Ports initialization
                 ; 0000 0037 // Port A initialization
                 ; 0000 0038 // Function: Bit7=In Bit6=In Bit5=In Bit4=In Bit3=In Bit2=In Bit1=In Bit0=In
                 ; 0000 0039 DDRA=(0<<DDA7) | (0<<DDA6) | (0<<DDA5) | (0<<DDA4) | (0<<DDA3) | (0<<DDA2) | (0<<DDA1) | (0<<DDA0);
000066 e0e0      	LDI  R30,LOW(0)
000067 bbea      	OUT  0x1A,R30
                 ; 0000 003A // State: Bit7=T Bit6=T Bit5=T Bit4=T Bit3=T Bit2=T Bit1=T Bit0=T
                 ; 0000 003B PORTA=(0<<PORTA7) | (0<<PORTA6) | (0<<PORTA5) | (0<<PORTA4) | (0<<PORTA3) | (0<<PORTA2) | (0<<PORTA1) | (0<<PORTA0);
000068 bbeb      	OUT  0x1B,R30
                 ; 0000 003C 
                 ; 0000 003D // Port B initialization
                 ; 0000 003E // Function: Bit7=Out Bit6=Out Bit5=Out Bit4=Out Bit3=Out Bit2=Out Bit1=In Bit0=In
                 ; 0000 003F DDRB=(1<<DDB7) | (1<<DDB6) | (1<<DDB5) | (1<<DDB4) | (1<<DDB3) | (1<<DDB2) | (0<<DDB1) | (0<<DDB0);
000069 efec      	LDI  R30,LOW(252)
00006a bbe7      	OUT  0x17,R30
                 ; 0000 0040 // State: Bit7=0 Bit6=0 Bit5=0 Bit4=0 Bit3=0 Bit2=0 Bit1=T Bit0=T
                 ; 0000 0041 PORTB=(0<<PORTB7) | (0<<PORTB6) | (0<<PORTB5) | (0<<PORTB4) | (0<<PORTB3) | (0<<PORTB2) | (0<<PORTB1) | (0<<PORTB0);
00006b e0e0      	LDI  R30,LOW(0)
00006c bbe8      	OUT  0x18,R30
                 ; 0000 0042 
                 ; 0000 0043 // Port C initialization
                 ; 0000 0044 // Function: Bit7=In Bit6=In Bit5=In Bit4=In Bit3=In Bit2=In Bit1=In Bit0=In
                 ; 0000 0045 DDRC=(0<<DDC7) | (0<<DDC6) | (0<<DDC5) | (0<<DDC4) | (0<<DDC3) | (0<<DDC2) | (0<<DDC1) | (0<<DDC0);
00006d bbe4      	OUT  0x14,R30
                 ; 0000 0046 // State: Bit7=T Bit6=T Bit5=T Bit4=T Bit3=T Bit2=T Bit1=T Bit0=T
                 ; 0000 0047 PORTC=(0<<PORTC7) | (0<<PORTC6) | (0<<PORTC5) | (0<<PORTC4) | (0<<PORTC3) | (0<<PORTC2) | (0<<PORTC1) | (0<<PORTC0);
00006e bbe5      	OUT  0x15,R30
                 ; 0000 0048 
                 ; 0000 0049 // Port D initialization
                 ; 0000 004A // Function: Bit7=Out Bit6=Out Bit5=Out Bit4=Out Bit3=Out Bit2=Out Bit1=Out Bit0=Out
                 ; 0000 004B DDRD=(1<<DDD7) | (1<<DDD6) | (1<<DDD5) | (1<<DDD4) | (1<<DDD3) | (1<<DDD2) | (1<<DDD1) | (1<<DDD0);
00006f efef      	LDI  R30,LOW(255)
000070 bbe1      	OUT  0x11,R30
                 ; 0000 004C // State: Bit7=0 Bit6=0 Bit5=0 Bit4=0 Bit3=0 Bit2=0 Bit1=0 Bit0=0
                 ; 0000 004D PORTD=(0<<PORTD7) | (0<<PORTD6) | (0<<PORTD5) | (0<<PORTD4) | (0<<PORTD3) | (0<<PORTD2) | (0<<PORTD1) | (0<<PORTD0);
000071 e0e0      	LDI  R30,LOW(0)
000072 bbe2      	OUT  0x12,R30
                 ; 0000 004E 
                 ; 0000 004F // Timer/Counter 0 initialization
                 ; 0000 0050 // Clock source: System Clock
                 ; 0000 0051 // Clock value: 15.625 kHz
                 ; 0000 0052 // Mode: Fast PWM top=0xFF
                 ; 0000 0053 // OC0 output: Non-Inverted PWM
                 ; 0000 0054 // Timer Period: 16.384 ms
                 ; 0000 0055 // Output Pulse(s):
                 ; 0000 0056 // OC0 Period: 16.384 ms Width: 0 us
                 ; 0000 0057 TCCR0=(1<<WGM00) | (1<<COM01) | (0<<COM00) | (1<<WGM01) | (0<<CS02) | (1<<CS01) | (1<<CS00);
000073 e6eb      	LDI  R30,LOW(107)
000074 bfe3      	OUT  0x33,R30
                 ; 0000 0058 TCNT0=0x00;
000075 e0e0      	LDI  R30,LOW(0)
000076 bfe2      	OUT  0x32,R30
                 ; 0000 0059 OCR0=0x00;
000077 bfec      	OUT  0x3C,R30
                 ; 0000 005A 
                 ; 0000 005B // Timer/Counter 1 initialization
                 ; 0000 005C // Clock source: System Clock
                 ; 0000 005D // Clock value: 15.625 kHz
                 ; 0000 005E // Mode: Fast PWM top=0x00FF
                 ; 0000 005F // OC1A output: Non-Inverted PWM
                 ; 0000 0060 // OC1B output: Non-Inverted PWM
                 ; 0000 0061 // Noise Canceler: Off
                 ; 0000 0062 // Input Capture on Falling Edge
                 ; 0000 0063 // Timer Period: 16.384 ms
                 ; 0000 0064 // Output Pulse(s):
                 ; 0000 0065 // OC1A Period: 16.384 ms Width: 0 us// OC1B Period: 16.384 ms Width: 0 us
                 ; 0000 0066 // Timer1 Overflow Interrupt: Off
                 ; 0000 0067 // Input Capture Interrupt: Off
                 ; 0000 0068 // Compare A Match Interrupt: Off
                 ; 0000 0069 // Compare B Match Interrupt: Off
                 ; 0000 006A TCCR1A=(1<<COM1A1) | (0<<COM1A0) | (1<<COM1B1) | (0<<COM1B0) | (0<<WGM11) | (1<<WGM10);
000078 eae1      	LDI  R30,LOW(161)
000079 bdef      	OUT  0x2F,R30
                 ; 0000 006B TCCR1B=(0<<ICNC1) | (0<<ICES1) | (0<<WGM13) | (1<<WGM12) | (0<<CS12) | (1<<CS11) | (1<<CS10);
00007a e0eb      	LDI  R30,LOW(11)
00007b bdee      	OUT  0x2E,R30
                 ; 0000 006C TCNT1H=0x00;
00007c e0e0      	LDI  R30,LOW(0)
00007d bded      	OUT  0x2D,R30
                 ; 0000 006D TCNT1L=0x00;
00007e bdec      	OUT  0x2C,R30
                 ; 0000 006E ICR1H=0x00;
00007f bde7      	OUT  0x27,R30
                 ; 0000 006F ICR1L=0x00;
000080 bde6      	OUT  0x26,R30
                 ; 0000 0070 OCR1AH=0x00;
000081 bdeb      	OUT  0x2B,R30
                 ; 0000 0071 OCR1AL=0x00;
000082 bdea      	OUT  0x2A,R30
                 ; 0000 0072 OCR1BH=0x00;
000083 bde9      	OUT  0x29,R30
                 ; 0000 0073 OCR1BL=0x00;
000084 bde8      	OUT  0x28,R30
                 ; 0000 0074 
                 ; 0000 0075 // Timer/Counter 2 initialization
                 ; 0000 0076 // Clock source: System Clock
                 ; 0000 0077 // Clock value: 15.625 kHz
                 ; 0000 0078 // Mode: Fast PWM top=0xFF
                 ; 0000 0079 // OC2 output: Non-Inverted PWM
                 ; 0000 007A // Timer Period: 16.384 ms
                 ; 0000 007B // Output Pulse(s):
                 ; 0000 007C // OC2 Period: 16.384 ms Width: 0 us
                 ; 0000 007D ASSR=0<<AS2;
000085 bde2      	OUT  0x22,R30
                 ; 0000 007E TCCR2=(1<<PWM2) | (1<<COM21) | (0<<COM20) | (1<<CTC2) | (1<<CS22) | (0<<CS21) | (0<<CS20);
000086 e6ec      	LDI  R30,LOW(108)
000087 bde5      	OUT  0x25,R30
                 ; 0000 007F TCNT2=0x00;
000088 e0e0      	LDI  R30,LOW(0)
000089 bde4      	OUT  0x24,R30
                 ; 0000 0080 OCR2=0x00;
00008a bde3      	OUT  0x23,R30
                 ; 0000 0081 
                 ; 0000 0082 // Timer(s)/Counter(s) Interrupt(s) initialization
                 ; 0000 0083 TIMSK=(0<<OCIE2) | (0<<TOIE2) | (0<<TICIE1) | (0<<OCIE1A) | (0<<OCIE1B) | (0<<TOIE1) | (0<<OCIE0) | (0<<TOIE0);
00008b bfe9      	OUT  0x39,R30
                 ; 0000 0084 
                 ; 0000 0085 // External Interrupt(s) initialization
                 ; 0000 0086 // INT0: Off
                 ; 0000 0087 // INT1: Off
                 ; 0000 0088 // INT2: Off
                 ; 0000 0089 MCUCR=(0<<ISC11) | (0<<ISC10) | (0<<ISC01) | (0<<ISC00);
00008c bfe5      	OUT  0x35,R30
                 ; 0000 008A MCUCSR=(0<<ISC2);
00008d bfe4      	OUT  0x34,R30
                 ; 0000 008B 
                 ; 0000 008C // USART initialization
                 ; 0000 008D // USART disabled
                 ; 0000 008E UCSRB=(0<<RXCIE) | (0<<TXCIE) | (0<<UDRIE) | (0<<RXEN) | (0<<TXEN) | (0<<UCSZ2) | (0<<RXB8) | (0<<TXB8);
00008e b9ea      	OUT  0xA,R30
                 ; 0000 008F 
                 ; 0000 0090 // Analog Comparator initialization
                 ; 0000 0091 // Analog Comparator: Off
                 ; 0000 0092 // The Analog Comparator's positive input is
                 ; 0000 0093 // connected to the AIN0 pin
                 ; 0000 0094 // The Analog Comparator's negative input is
                 ; 0000 0095 // connected to the AIN1 pin
                 ; 0000 0096 ACSR=(1<<ACD) | (0<<ACBG) | (0<<ACO) | (0<<ACI) | (0<<ACIE) | (0<<ACIC) | (0<<ACIS1) | (0<<ACIS0);
00008f e8e0      	LDI  R30,LOW(128)
000090 b9e8      	OUT  0x8,R30
                 ; 0000 0097 
                 ; 0000 0098 // ADC initialization
                 ; 0000 0099 // ADC Clock frequency: 62.500 kHz
                 ; 0000 009A // ADC Voltage Reference: AVCC pin
                 ; 0000 009B // ADC Auto Trigger Source: ADC Stopped
                 ; 0000 009C ADMUX=ADC_VREF_TYPE;
000091 e4e0      	LDI  R30,LOW(64)
000092 b9e7      	OUT  0x7,R30
                 ; 0000 009D ADCSRA=(1<<ADEN) | (0<<ADSC) | (0<<ADATE) | (0<<ADIF) | (0<<ADIE) | (1<<ADPS2) | (0<<ADPS1) | (0<<ADPS0);
000093 e8e4      	LDI  R30,LOW(132)
000094 b9e6      	OUT  0x6,R30
                 ; 0000 009E SFIOR=(0<<ADTS2) | (0<<ADTS1) | (0<<ADTS0);
000095 e0e0      	LDI  R30,LOW(0)
000096 bfe0      	OUT  0x30,R30
                 ; 0000 009F 
                 ; 0000 00A0 // SPI initialization
                 ; 0000 00A1 // SPI disabled
                 ; 0000 00A2 SPCR=(0<<SPIE) | (0<<SPE) | (0<<DORD) | (0<<MSTR) | (0<<CPOL) | (0<<CPHA) | (0<<SPR1) | (0<<SPR0);
000097 b9ed      	OUT  0xD,R30
                 ; 0000 00A3 
                 ; 0000 00A4 // TWI initialization
                 ; 0000 00A5 // TWI disabled
                 ; 0000 00A6 TWCR=(0<<TWEA) | (0<<TWSTA) | (0<<TWSTO) | (0<<TWEN) | (0<<TWIE);
000098 bfe6      	OUT  0x36,R30
                 ; 0000 00A7 
                 ; 0000 00A8 // Alphanumeric LCD initialization
                 ; 0000 00A9 // Connections are specified in the
                 ; 0000 00AA // Project|Configure|C Compiler|Libraries|Alphanumeric LCD menu:
                 ; 0000 00AB // RS - PORTC Bit 0
                 ; 0000 00AC // RD - PORTC Bit 1
                 ; 0000 00AD // EN - PORTC Bit 2
                 ; 0000 00AE // D4 - PORTC Bit 4
                 ; 0000 00AF // D5 - PORTC Bit 5
                 ; 0000 00B0 // D6 - PORTC Bit 6
                 ; 0000 00B1 // D7 - PORTC Bit 7
                 ; 0000 00B2 // Characters/line: 16
                 ; 0000 00B3 lcd_init(16);
000099 e1a0      	LDI  R26,LOW(16)
00009a d07f      	RCALL _lcd_init
                 ; 0000 00B4 
                 ; 0000 00B5 while (1)
                 _0x6:
                 ; 0000 00B6       {
                 ; 0000 00B7         lcd_gotoxy(0,0);
00009b e0e0      	LDI  R30,LOW(0)
00009c 93ea      	ST   -Y,R30
00009d e0a0      	LDI  R26,LOW(0)
00009e d03c      	RCALL _lcd_gotoxy
                 ; 0000 00B8         lcd_putsf("@4M1N");
                +
00009f e5a4     +LDI R26 , LOW ( 2 * _0x0 + ( 0 ) )
0000a0 e0b0     +LDI R27 , HIGH ( 2 * _0x0 + ( 0 ) )
                 	__POINTW2FN _0x0,0
0000a1 d065      	RCALL _lcd_putsf
                 ; 0000 00B9         lcd_gotoxy(0,1);
0000a2 e0e0      	LDI  R30,LOW(0)
0000a3 93ea      	ST   -Y,R30
0000a4 e0a1      	LDI  R26,LOW(1)
0000a5 d035      	RCALL _lcd_gotoxy
                 ; 0000 00BA         lcd_putsf("@T@40D");
                +
0000a6 e5aa     +LDI R26 , LOW ( 2 * _0x0 + ( 6 ) )
0000a7 e0b0     +LDI R27 , HIGH ( 2 * _0x0 + ( 6 ) )
                 	__POINTW2FN _0x0,6
0000a8 d05e      	RCALL _lcd_putsf
                 ; 0000 00BB 
                 ; 0000 00BC         PORTD.0=0;
0000a9 9890      	CBI  0x12,0
                 ; 0000 00BD         OCR0=50;
0000aa e3e2      	LDI  R30,LOW(50)
0000ab bfec      	OUT  0x3C,R30
                 ; 0000 00BE 
                 ; 0000 00BF         PORTD.1=0;
0000ac 9891      	CBI  0x12,1
                 ; 0000 00C0         OCR1B=100;
0000ad e6e4      	LDI  R30,LOW(100)
0000ae e0f0      	LDI  R31,HIGH(100)
0000af bdf9      	OUT  0x28+1,R31
0000b0 bde8      	OUT  0x28,R30
                 ; 0000 00C1 
                 ; 0000 00C2         PORTD.2=0;
0000b1 9892      	CBI  0x12,2
                 ; 0000 00C3         OCR1A=150;
0000b2 e9e6      	LDI  R30,LOW(150)
0000b3 e0f0      	LDI  R31,HIGH(150)
0000b4 bdfb      	OUT  0x2A+1,R31
0000b5 bdea      	OUT  0x2A,R30
                 ; 0000 00C4 
                 ; 0000 00C5         PORTD.3=0;
0000b6 9893      	CBI  0x12,3
                 ; 0000 00C6         OCR2=200;
0000b7 ece8      	LDI  R30,LOW(200)
0000b8 bde3      	OUT  0x23,R30
                 ; 0000 00C7 
                 ; 0000 00C8       }
0000b9 cfe1      	RJMP _0x6
                 ; 0000 00C9 }
                 _0x11:
0000ba cfff      	RJMP _0x11
                 	#ifndef __SLEEP_DEFINED__
                 	#endif
                 
                 	.DSEG
                 
                 	.CSEG
                 __lcd_write_nibble_G100:
0000bb 93aa      	ST   -Y,R26
0000bc b3e5      	IN   R30,0x15
0000bd 70ef      	ANDI R30,LOW(0xF)
0000be 2fae      	MOV  R26,R30
0000bf 81e8      	LD   R30,Y
0000c0 7fe0      	ANDI R30,LOW(0xF0)
0000c1 2bea      	OR   R30,R26
0000c2 bbe5      	OUT  0x15,R30
                +
0000c3 e081     +LDI R24 , LOW ( 1 )
                +__DELAY_USB_LOOP :
0000c4 958a     +DEC R24
0000c5 f7f1     +BRNE __DELAY_USB_LOOP
                 	__DELAY_USB 1
0000c6 9aaa      	SBI  0x15,2
                +
0000c7 e082     +LDI R24 , LOW ( 2 )
                +__DELAY_USB_LOOP :
0000c8 958a     +DEC R24
0000c9 f7f1     +BRNE __DELAY_USB_LOOP
                 	__DELAY_USB 2
0000ca 98aa      	CBI  0x15,2
                +
0000cb e082     +LDI R24 , LOW ( 2 )
                +__DELAY_USB_LOOP :
0000cc 958a     +DEC R24
0000cd f7f1     +BRNE __DELAY_USB_LOOP
                 	__DELAY_USB 2
0000ce c073      	RJMP _0x2020001
                 __lcd_write_data:
0000cf 93aa      	ST   -Y,R26
0000d0 81a8      	LD   R26,Y
0000d1 dfe9      	RCALL __lcd_write_nibble_G100
0000d2 81e8          ld    r30,y
0000d3 95e2          swap  r30
0000d4 83e8          st    y,r30
0000d5 81a8      	LD   R26,Y
0000d6 dfe4      	RCALL __lcd_write_nibble_G100
                +
0000d7 e181     +LDI R24 , LOW ( 17 )
                +__DELAY_USB_LOOP :
0000d8 958a     +DEC R24
0000d9 f7f1     +BRNE __DELAY_USB_LOOP
                 	__DELAY_USB 17
0000da c067      	RJMP _0x2020001
                 _lcd_gotoxy:
0000db 93aa      	ST   -Y,R26
0000dc 81e8      	LD   R30,Y
0000dd e0f0      	LDI  R31,0
0000de 5ae0      	SUBI R30,LOW(-__base_y_G100)
0000df 4ffe      	SBCI R31,HIGH(-__base_y_G100)
0000e0 81e0      	LD   R30,Z
0000e1 81a9      	LDD  R26,Y+1
0000e2 0fae      	ADD  R26,R30
0000e3 dfeb      	RCALL __lcd_write_data
0000e4 8059      	LDD  R5,Y+1
0000e5 8048      	LDD  R4,Y+0
0000e6 9622      	ADIW R28,2
0000e7 9508      	RET
                 _lcd_clear:
0000e8 e0a2      	LDI  R26,LOW(2)
0000e9 d05a      	RCALL SUBOPT_0x0
0000ea e0ac      	LDI  R26,LOW(12)
0000eb dfe3      	RCALL __lcd_write_data
0000ec e0a1      	LDI  R26,LOW(1)
0000ed d056      	RCALL SUBOPT_0x0
0000ee e0e0      	LDI  R30,LOW(0)
0000ef 2e4e      	MOV  R4,R30
0000f0 2e5e      	MOV  R5,R30
0000f1 9508      	RET
                 _lcd_putchar:
0000f2 93aa      	ST   -Y,R26
0000f3 81a8      	LD   R26,Y
0000f4 30aa      	CPI  R26,LOW(0xA)
0000f5 f011      	BREQ _0x2000005
0000f6 1457      	CP   R5,R7
0000f7 f048      	BRLO _0x2000004
                 _0x2000005:
0000f8 e0e0      	LDI  R30,LOW(0)
0000f9 93ea      	ST   -Y,R30
0000fa 9443      	INC  R4
0000fb 2da4      	MOV  R26,R4
0000fc dfde      	RCALL _lcd_gotoxy
0000fd 81a8      	LD   R26,Y
0000fe 30aa      	CPI  R26,LOW(0xA)
0000ff f409      	BRNE _0x2000007
000100 c041      	RJMP _0x2020001
                 _0x2000007:
                 _0x2000004:
000101 9453      	INC  R5
000102 9aa8      	SBI  0x15,0
000103 81a8      	LD   R26,Y
000104 dfca      	RCALL __lcd_write_data
000105 98a8      	CBI  0x15,0
000106 c03b      	RJMP _0x2020001
                 _lcd_putsf:
000107 93ba      	ST   -Y,R27
000108 93aa      	ST   -Y,R26
000109 931a      	ST   -Y,R17
                 _0x200000B:
00010a 81e9      	LDD  R30,Y+1
00010b 81fa      	LDD  R31,Y+1+1
00010c 9631      	ADIW R30,1
00010d 83e9      	STD  Y+1,R30
00010e 83fa      	STD  Y+1+1,R31
00010f 9731      	SBIW R30,1
000110 91e4      	LPM  R30,Z
000111 2f1e      	MOV  R17,R30
000112 30e0      	CPI  R30,0
000113 f019      	BREQ _0x200000D
000114 2fa1      	MOV  R26,R17
000115 dfdc      	RCALL _lcd_putchar
000116 cff3      	RJMP _0x200000B
                 _0x200000D:
000117 8118      	LDD  R17,Y+0
000118 9623      	ADIW R28,3
000119 9508      	RET
                 _lcd_init:
00011a 93aa      	ST   -Y,R26
00011b b3e4      	IN   R30,0x14
00011c 6fe0      	ORI  R30,LOW(0xF0)
00011d bbe4      	OUT  0x14,R30
00011e 9aa2      	SBI  0x14,2
00011f 9aa0      	SBI  0x14,0
000120 9aa1      	SBI  0x14,1
000121 98aa      	CBI  0x15,2
000122 98a8      	CBI  0x15,0
000123 98a9      	CBI  0x15,1
000124 8078      	LDD  R7,Y+0
000125 81e8      	LD   R30,Y
000126 58e0      	SUBI R30,-LOW(128)
                +
000127 93e0 0162+STS __base_y_G100 + ( 2 ) , R30
                 	__PUTB1MN __base_y_G100,2
000129 81e8      	LD   R30,Y
00012a 54e0      	SUBI R30,-LOW(192)
                +
00012b 93e0 0163+STS __base_y_G100 + ( 3 ) , R30
                 	__PUTB1MN __base_y_G100,3
00012d e1a4      	LDI  R26,LOW(20)
00012e e0b0      	LDI  R27,0
00012f 940e 014f 	CALL _delay_ms
000131 d017      	RCALL SUBOPT_0x1
000132 d016      	RCALL SUBOPT_0x1
000133 d015      	RCALL SUBOPT_0x1
000134 e2a0      	LDI  R26,LOW(32)
000135 df85      	RCALL __lcd_write_nibble_G100
                +
000136 e281     +LDI R24 , LOW ( 33 )
                +__DELAY_USB_LOOP :
000137 958a     +DEC R24
000138 f7f1     +BRNE __DELAY_USB_LOOP
                 	__DELAY_USB 33
000139 e2a8      	LDI  R26,LOW(40)
00013a df94      	RCALL __lcd_write_data
00013b e0a4      	LDI  R26,LOW(4)
00013c df92      	RCALL __lcd_write_data
00013d e8a5      	LDI  R26,LOW(133)
00013e df90      	RCALL __lcd_write_data
00013f e0a6      	LDI  R26,LOW(6)
000140 df8e      	RCALL __lcd_write_data
000141 dfa6      	RCALL _lcd_clear
                 _0x2020001:
000142 9621      	ADIW R28,1
000143 9508      	RET
                 
                 	.DSEG
                 __base_y_G100:
000160           	.BYTE 0x4
                 
                 	.CSEG
                 ;OPTIMIZER ADDED SUBROUTINE, CALLED 2 TIMES, CODE SIZE REDUCTION:3 WORDS
                 SUBOPT_0x0:
000144 df8a      	RCALL __lcd_write_data
000145 e0a3      	LDI  R26,LOW(3)
000146 e0b0      	LDI  R27,0
000147 940c 014f 	JMP  _delay_ms
                 
                 ;OPTIMIZER ADDED SUBROUTINE, CALLED 3 TIMES, CODE SIZE REDUCTION:5 WORDS
                 SUBOPT_0x1:
000149 e3a0      	LDI  R26,LOW(48)
00014a df70      	RCALL __lcd_write_nibble_G100
                +
00014b e281     +LDI R24 , LOW ( 33 )
                +__DELAY_USB_LOOP :
00014c 958a     +DEC R24
00014d f7f1     +BRNE __DELAY_USB_LOOP
                 	__DELAY_USB 33
00014e 9508      	RET
                 
                 
                 	.CSEG
                 _delay_ms:
00014f 9610      	adiw r26,0
000150 f039      	breq __delay_ms1
                 __delay_ms0:
                +
000151 ef8a     +LDI R24 , LOW ( 0xFA )
000152 e090     +LDI R25 , HIGH ( 0xFA )
                +__DELAY_USW_LOOP :
000153 9701     +SBIW R24 , 1
000154 f7f1     +BRNE __DELAY_USW_LOOP
                 	__DELAY_USW 0xFA
000155 95a8      	wdr
000156 9711      	sbiw r26,1
000157 f7c9      	brne __delay_ms0
                 __delay_ms1:
000158 9508      	ret
                 
                 ;END OF CODE MARKER
                 __END_OF_CODE:


RESOURCE USE INFORMATION
------------------------

Notice:
The register and instruction counts are symbol table hit counts,
and hence implicitly used resources are not counted, eg, the
'lpm' instruction without operands implicitly uses r0 and z,
none of which are counted.

x,y,z are separate entities in the symbol table and are
counted separately from r26..r31 here.

.dseg memory usage only counts static data declared with .byte

ATmega16 register use summary:
r0 :   4 r1 :   1 r2 :   0 r3 :   0 r4 :   4 r5 :   4 r6 :   0 r7 :   2 
r8 :   0 r9 :   0 r10:   0 r11:   0 r12:   0 r13:   0 r14:   0 r15:   0 
r16:   0 r17:   4 r18:   0 r19:   0 r20:   0 r21:   0 r22:   2 r23:   0 
r24:  21 r25:   3 r26:  40 r27:   7 r28:   4 r29:   1 r30: 113 r31:  13 
x  :   3 y  :  31 z  :   9 
Registers used: 18 out of 35 (51.4%)

ATmega16 instruction use summary:
.lds  :   0 .lds.l:   0 .sts  :   0 .sts.l:   0 adc   :   0 add   :   1 
adiw  :   5 and   :   0 andi  :   2 asr   :   0 bclr  :   0 bld   :   0 
brbc  :   0 brbs  :   0 brcc  :   0 brcs  :   0 break :   0 breq  :   4 
brge  :   0 brhc  :   0 brhs  :   0 brid  :   0 brie  :   0 brlo  :   1 
brlt  :   0 brmi  :   0 brne  :  12 brpl  :   0 brsh  :   0 brtc  :   0 
brts  :   0 brvc  :   0 brvs  :   0 bset  :   0 bst   :   0 call  :   1 
cbi   :   9 cbr   :   0 clc   :   0 clh   :   0 cli   :   1 cln   :   0 
clr   :   2 cls   :   0 clt   :   0 clv   :   0 clz   :   0 com   :   0 
cp    :   1 cpc   :   0 cpi   :   3 cpse  :   0 dec   :   7 des   :   0 
eor   :   0 fmul  :   0 fmuls :   0 fmulsu:   0 icall :   0 ijmp  :   0 
in    :   2 inc   :   2 jmp   :  23 ld    :  11 ldd   :   7 ldi   :  68 
lds   :   0 lpm   :   9 lsl   :   0 lsr   :   0 mov   :   6 movw  :   3 
mul   :   0 muls  :   0 mulsu :   0 neg   :   0 nop   :   0 or    :   1 
ori   :   1 out   :  51 pop   :   0 push  :   0 rcall :  25 ret   :   6 
reti  :   0 rjmp  :   8 rol   :   0 ror   :   0 sbc   :   0 sbci  :   1 
sbi   :   5 sbic  :   0 sbis  :   0 sbiw  :   6 sbr   :   0 sbrc  :   0 
sbrs  :   0 sec   :   0 seh   :   0 sei   :   0 sen   :   0 ser   :   0 
ses   :   0 set   :   0 sev   :   0 sez   :   0 sleep :   0 spm   :   0 
st    :  15 std   :   2 sts   :   2 sub   :   0 subi  :   3 swap  :   1 
tst   :   0 wdr   :   1 
Instructions used: 37 out of 116 (31.9%)

ATmega16 memory use summary [bytes]:
Segment   Begin    End      Code   Data   Used    Size   Use%
---------------------------------------------------------------
[.cseg] 0x000000 0x0002b2    666     24    690   16384   4.2%
[.dseg] 0x000060 0x000164      0      4      4    1119   0.4%
[.eseg] 0x000000 0x000000      0      0      0     512   0.0%

Assembly complete, 0 errors, 4 warnings
