
AVRASM ver. 2.1.30  C:\Users\User\Desktop\Robotic\Footballist\robot kol\Debug\List\armin 6.asm Sun Nov 12 22:14:34 2017

C:\Users\User\Desktop\Robotic\Footballist\robot kol\Debug\List\armin 6.asm(1088): warning: Register r4 already defined by the .DEF directive
C:\Users\User\Desktop\Robotic\Footballist\robot kol\Debug\List\armin 6.asm(1089): warning: Register r5 already defined by the .DEF directive
C:\Users\User\Desktop\Robotic\Footballist\robot kol\Debug\List\armin 6.asm(1090): warning: Register r6 already defined by the .DEF directive
C:\Users\User\Desktop\Robotic\Footballist\robot kol\Debug\List\armin 6.asm(1091): warning: Register r7 already defined by the .DEF directive
C:\Users\User\Desktop\Robotic\Footballist\robot kol\Debug\List\armin 6.asm(1092): warning: Register r9 already defined by the .DEF directive
C:\Users\User\Desktop\Robotic\Footballist\robot kol\Debug\List\armin 6.asm(1093): warning: Register r8 already defined by the .DEF directive
C:\Users\User\Desktop\Robotic\Footballist\robot kol\Debug\List\armin 6.asm(1094): warning: Register r11 already defined by the .DEF directive
                 
                 
                 ;CodeVisionAVR C Compiler V3.12 Advanced
                 ;(C) Copyright 1998-2014 Pavel Haiduc, HP InfoTech s.r.l.
                 ;http://www.hpinfotech.com
                 
                 ;Build configuration    : Debug
                 ;Chip type              : ATmega16
                 ;Program type           : Application
                 ;Clock frequency        : 1.000000 MHz
                 ;Memory model           : Small
                 ;Optimize for           : Size
                 ;(s)printf features     : int, width
                 ;(s)scanf features      : int, width
                 ;External RAM size      : 0
                 ;Data Stack size        : 256 byte(s)
                 ;Heap size              : 0 byte(s)
                 ;Promote 'char' to 'int': Yes
                 ;'char' is unsigned     : Yes
                 ;8 bit enums            : Yes
                 ;Global 'const' stored in FLASH: Yes
                 ;Enhanced function parameter passing: Yes
                 ;Enhanced core instructions: On
                 ;Automatic register allocation for global variables: On
                 ;Smart register allocation: On
                 
                 	#define _MODEL_SMALL_
                 
                 	#pragma AVRPART ADMIN PART_NAME ATmega16
                 	#pragma AVRPART MEMORY PROG_FLASH 16384
                 	#pragma AVRPART MEMORY EEPROM 512
                 	#pragma AVRPART MEMORY INT_SRAM SIZE 1024
                 	#pragma AVRPART MEMORY INT_SRAM START_ADDR 0x60
                 
                 	#define CALL_SUPPORTED 1
                 
                 	.LISTMAC
                 	.EQU UDRE=0x5
                 	.EQU RXC=0x7
                 	.EQU USR=0xB
                 	.EQU UDR=0xC
                 	.EQU SPSR=0xE
                 	.EQU SPDR=0xF
                 	.EQU EERE=0x0
                 	.EQU EEWE=0x1
                 	.EQU EEMWE=0x2
                 	.EQU EECR=0x1C
                 	.EQU EEDR=0x1D
                 	.EQU EEARL=0x1E
                 	.EQU EEARH=0x1F
                 	.EQU WDTCR=0x21
                 	.EQU MCUCR=0x35
                 	.EQU GICR=0x3B
                 	.EQU SPL=0x3D
                 	.EQU SPH=0x3E
                 	.EQU SREG=0x3F
                 
                 	.DEF R0X0=R0
                 	.DEF R0X1=R1
                 	.DEF R0X2=R2
                 	.DEF R0X3=R3
                 	.DEF R0X4=R4
                 	.DEF R0X5=R5
                 	.DEF R0X6=R6
                 	.DEF R0X7=R7
                 	.DEF R0X8=R8
                 	.DEF R0X9=R9
                 	.DEF R0XA=R10
                 	.DEF R0XB=R11
                 	.DEF R0XC=R12
                 	.DEF R0XD=R13
                 	.DEF R0XE=R14
                 	.DEF R0XF=R15
                 	.DEF R0X10=R16
                 	.DEF R0X11=R17
                 	.DEF R0X12=R18
                 	.DEF R0X13=R19
                 	.DEF R0X14=R20
                 	.DEF R0X15=R21
                 	.DEF R0X16=R22
                 	.DEF R0X17=R23
                 	.DEF R0X18=R24
                 	.DEF R0X19=R25
                 	.DEF R0X1A=R26
                 	.DEF R0X1B=R27
                 	.DEF R0X1C=R28
                 	.DEF R0X1D=R29
                 	.DEF R0X1E=R30
                 	.DEF R0X1F=R31
                 
                 	.EQU __SRAM_START=0x0060
                 	.EQU __SRAM_END=0x045F
                 	.EQU __DSTACK_SIZE=0x0100
                 	.EQU __HEAP_SIZE=0x0000
                 	.EQU __CLEAR_SRAM_SIZE=__SRAM_END-__SRAM_START+1
                 
                 	.MACRO __CPD1N
                 	CPI  R30,LOW(@0)
                 	LDI  R26,HIGH(@0)
                 	CPC  R31,R26
                 	LDI  R26,BYTE3(@0)
                 	CPC  R22,R26
                 	LDI  R26,BYTE4(@0)
                 	CPC  R23,R26
                 	.ENDM
                 
                 	.MACRO __CPD2N
                 	CPI  R26,LOW(@0)
                 	LDI  R30,HIGH(@0)
                 	CPC  R27,R30
                 	LDI  R30,BYTE3(@0)
                 	CPC  R24,R30
                 	LDI  R30,BYTE4(@0)
                 	CPC  R25,R30
                 	.ENDM
                 
                 	.MACRO __CPWRR
                 	CP   R@0,R@2
                 	CPC  R@1,R@3
                 	.ENDM
                 
                 	.MACRO __CPWRN
                 	CPI  R@0,LOW(@2)
                 	LDI  R30,HIGH(@2)
                 	CPC  R@1,R30
                 	.ENDM
                 
                 	.MACRO __ADDB1MN
                 	SUBI R30,LOW(-@0-(@1))
                 	.ENDM
                 
                 	.MACRO __ADDB2MN
                 	SUBI R26,LOW(-@0-(@1))
                 	.ENDM
                 
                 	.MACRO __ADDW1MN
                 	SUBI R30,LOW(-@0-(@1))
                 	SBCI R31,HIGH(-@0-(@1))
                 	.ENDM
                 
                 	.MACRO __ADDW2MN
                 	SUBI R26,LOW(-@0-(@1))
                 	SBCI R27,HIGH(-@0-(@1))
                 	.ENDM
                 
                 	.MACRO __ADDW1FN
                 	SUBI R30,LOW(-2*@0-(@1))
                 	SBCI R31,HIGH(-2*@0-(@1))
                 	.ENDM
                 
                 	.MACRO __ADDD1FN
                 	SUBI R30,LOW(-2*@0-(@1))
                 	SBCI R31,HIGH(-2*@0-(@1))
                 	SBCI R22,BYTE3(-2*@0-(@1))
                 	.ENDM
                 
                 	.MACRO __ADDD1N
                 	SUBI R30,LOW(-@0)
                 	SBCI R31,HIGH(-@0)
                 	SBCI R22,BYTE3(-@0)
                 	SBCI R23,BYTE4(-@0)
                 	.ENDM
                 
                 	.MACRO __ADDD2N
                 	SUBI R26,LOW(-@0)
                 	SBCI R27,HIGH(-@0)
                 	SBCI R24,BYTE3(-@0)
                 	SBCI R25,BYTE4(-@0)
                 	.ENDM
                 
                 	.MACRO __SUBD1N
                 	SUBI R30,LOW(@0)
                 	SBCI R31,HIGH(@0)
                 	SBCI R22,BYTE3(@0)
                 	SBCI R23,BYTE4(@0)
                 	.ENDM
                 
                 	.MACRO __SUBD2N
                 	SUBI R26,LOW(@0)
                 	SBCI R27,HIGH(@0)
                 	SBCI R24,BYTE3(@0)
                 	SBCI R25,BYTE4(@0)
                 	.ENDM
                 
                 	.MACRO __ANDBMNN
                 	LDS  R30,@0+(@1)
                 	ANDI R30,LOW(@2)
                 	STS  @0+(@1),R30
                 	.ENDM
                 
                 	.MACRO __ANDWMNN
                 	LDS  R30,@0+(@1)
                 	ANDI R30,LOW(@2)
                 	STS  @0+(@1),R30
                 	LDS  R30,@0+(@1)+1
                 	ANDI R30,HIGH(@2)
                 	STS  @0+(@1)+1,R30
                 	.ENDM
                 
                 	.MACRO __ANDD1N
                 	ANDI R30,LOW(@0)
                 	ANDI R31,HIGH(@0)
                 	ANDI R22,BYTE3(@0)
                 	ANDI R23,BYTE4(@0)
                 	.ENDM
                 
                 	.MACRO __ANDD2N
                 	ANDI R26,LOW(@0)
                 	ANDI R27,HIGH(@0)
                 	ANDI R24,BYTE3(@0)
                 	ANDI R25,BYTE4(@0)
                 	.ENDM
                 
                 	.MACRO __ORBMNN
                 	LDS  R30,@0+(@1)
                 	ORI  R30,LOW(@2)
                 	STS  @0+(@1),R30
                 	.ENDM
                 
                 	.MACRO __ORWMNN
                 	LDS  R30,@0+(@1)
                 	ORI  R30,LOW(@2)
                 	STS  @0+(@1),R30
                 	LDS  R30,@0+(@1)+1
                 	ORI  R30,HIGH(@2)
                 	STS  @0+(@1)+1,R30
                 	.ENDM
                 
                 	.MACRO __ORD1N
                 	ORI  R30,LOW(@0)
                 	ORI  R31,HIGH(@0)
                 	ORI  R22,BYTE3(@0)
                 	ORI  R23,BYTE4(@0)
                 	.ENDM
                 
                 	.MACRO __ORD2N
                 	ORI  R26,LOW(@0)
                 	ORI  R27,HIGH(@0)
                 	ORI  R24,BYTE3(@0)
                 	ORI  R25,BYTE4(@0)
                 	.ENDM
                 
                 	.MACRO __DELAY_USB
                 	LDI  R24,LOW(@0)
                 __DELAY_USB_LOOP:
                 	DEC  R24
                 	BRNE __DELAY_USB_LOOP
                 	.ENDM
                 
                 	.MACRO __DELAY_USW
                 	LDI  R24,LOW(@0)
                 	LDI  R25,HIGH(@0)
                 __DELAY_USW_LOOP:
                 	SBIW R24,1
                 	BRNE __DELAY_USW_LOOP
                 	.ENDM
                 
                 	.MACRO __GETD1S
                 	LDD  R30,Y+@0
                 	LDD  R31,Y+@0+1
                 	LDD  R22,Y+@0+2
                 	LDD  R23,Y+@0+3
                 	.ENDM
                 
                 	.MACRO __GETD2S
                 	LDD  R26,Y+@0
                 	LDD  R27,Y+@0+1
                 	LDD  R24,Y+@0+2
                 	LDD  R25,Y+@0+3
                 	.ENDM
                 
                 	.MACRO __PUTD1S
                 	STD  Y+@0,R30
                 	STD  Y+@0+1,R31
                 	STD  Y+@0+2,R22
                 	STD  Y+@0+3,R23
                 	.ENDM
                 
                 	.MACRO __PUTD2S
                 	STD  Y+@0,R26
                 	STD  Y+@0+1,R27
                 	STD  Y+@0+2,R24
                 	STD  Y+@0+3,R25
                 	.ENDM
                 
                 	.MACRO __PUTDZ2
                 	STD  Z+@0,R26
                 	STD  Z+@0+1,R27
                 	STD  Z+@0+2,R24
                 	STD  Z+@0+3,R25
                 	.ENDM
                 
                 	.MACRO __CLRD1S
                 	STD  Y+@0,R30
                 	STD  Y+@0+1,R30
                 	STD  Y+@0+2,R30
                 	STD  Y+@0+3,R30
                 	.ENDM
                 
                 	.MACRO __POINTB1MN
                 	LDI  R30,LOW(@0+(@1))
                 	.ENDM
                 
                 	.MACRO __POINTW1MN
                 	LDI  R30,LOW(@0+(@1))
                 	LDI  R31,HIGH(@0+(@1))
                 	.ENDM
                 
                 	.MACRO __POINTD1M
                 	LDI  R30,LOW(@0)
                 	LDI  R31,HIGH(@0)
                 	LDI  R22,BYTE3(@0)
                 	LDI  R23,BYTE4(@0)
                 	.ENDM
                 
                 	.MACRO __POINTW1FN
                 	LDI  R30,LOW(2*@0+(@1))
                 	LDI  R31,HIGH(2*@0+(@1))
                 	.ENDM
                 
                 	.MACRO __POINTD1FN
                 	LDI  R30,LOW(2*@0+(@1))
                 	LDI  R31,HIGH(2*@0+(@1))
                 	LDI  R22,BYTE3(2*@0+(@1))
                 	LDI  R23,BYTE4(2*@0+(@1))
                 	.ENDM
                 
                 	.MACRO __POINTB2MN
                 	LDI  R26,LOW(@0+(@1))
                 	.ENDM
                 
                 	.MACRO __POINTW2MN
                 	LDI  R26,LOW(@0+(@1))
                 	LDI  R27,HIGH(@0+(@1))
                 	.ENDM
                 
                 	.MACRO __POINTW2FN
                 	LDI  R26,LOW(2*@0+(@1))
                 	LDI  R27,HIGH(2*@0+(@1))
                 	.ENDM
                 
                 	.MACRO __POINTD2FN
                 	LDI  R26,LOW(2*@0+(@1))
                 	LDI  R27,HIGH(2*@0+(@1))
                 	LDI  R24,BYTE3(2*@0+(@1))
                 	LDI  R25,BYTE4(2*@0+(@1))
                 	.ENDM
                 
                 	.MACRO __POINTBRM
                 	LDI  R@0,LOW(@1)
                 	.ENDM
                 
                 	.MACRO __POINTWRM
                 	LDI  R@0,LOW(@2)
                 	LDI  R@1,HIGH(@2)
                 	.ENDM
                 
                 	.MACRO __POINTBRMN
                 	LDI  R@0,LOW(@1+(@2))
                 	.ENDM
                 
                 	.MACRO __POINTWRMN
                 	LDI  R@0,LOW(@2+(@3))
                 	LDI  R@1,HIGH(@2+(@3))
                 	.ENDM
                 
                 	.MACRO __POINTWRFN
                 	LDI  R@0,LOW(@2*2+(@3))
                 	LDI  R@1,HIGH(@2*2+(@3))
                 	.ENDM
                 
                 	.MACRO __GETD1N
                 	LDI  R30,LOW(@0)
                 	LDI  R31,HIGH(@0)
                 	LDI  R22,BYTE3(@0)
                 	LDI  R23,BYTE4(@0)
                 	.ENDM
                 
                 	.MACRO __GETD2N
                 	LDI  R26,LOW(@0)
                 	LDI  R27,HIGH(@0)
                 	LDI  R24,BYTE3(@0)
                 	LDI  R25,BYTE4(@0)
                 	.ENDM
                 
                 	.MACRO __GETB1MN
                 	LDS  R30,@0+(@1)
                 	.ENDM
                 
                 	.MACRO __GETB1HMN
                 	LDS  R31,@0+(@1)
                 	.ENDM
                 
                 	.MACRO __GETW1MN
                 	LDS  R30,@0+(@1)
                 	LDS  R31,@0+(@1)+1
                 	.ENDM
                 
                 	.MACRO __GETD1MN
                 	LDS  R30,@0+(@1)
                 	LDS  R31,@0+(@1)+1
                 	LDS  R22,@0+(@1)+2
                 	LDS  R23,@0+(@1)+3
                 	.ENDM
                 
                 	.MACRO __GETBRMN
                 	LDS  R@0,@1+(@2)
                 	.ENDM
                 
                 	.MACRO __GETWRMN
                 	LDS  R@0,@2+(@3)
                 	LDS  R@1,@2+(@3)+1
                 	.ENDM
                 
                 	.MACRO __GETWRZ
                 	LDD  R@0,Z+@2
                 	LDD  R@1,Z+@2+1
                 	.ENDM
                 
                 	.MACRO __GETD2Z
                 	LDD  R26,Z+@0
                 	LDD  R27,Z+@0+1
                 	LDD  R24,Z+@0+2
                 	LDD  R25,Z+@0+3
                 	.ENDM
                 
                 	.MACRO __GETB2MN
                 	LDS  R26,@0+(@1)
                 	.ENDM
                 
                 	.MACRO __GETW2MN
                 	LDS  R26,@0+(@1)
                 	LDS  R27,@0+(@1)+1
                 	.ENDM
                 
                 	.MACRO __GETD2MN
                 	LDS  R26,@0+(@1)
                 	LDS  R27,@0+(@1)+1
                 	LDS  R24,@0+(@1)+2
                 	LDS  R25,@0+(@1)+3
                 	.ENDM
                 
                 	.MACRO __PUTB1MN
                 	STS  @0+(@1),R30
                 	.ENDM
                 
                 	.MACRO __PUTW1MN
                 	STS  @0+(@1),R30
                 	STS  @0+(@1)+1,R31
                 	.ENDM
                 
                 	.MACRO __PUTD1MN
                 	STS  @0+(@1),R30
                 	STS  @0+(@1)+1,R31
                 	STS  @0+(@1)+2,R22
                 	STS  @0+(@1)+3,R23
                 	.ENDM
                 
                 	.MACRO __PUTB1EN
                 	LDI  R26,LOW(@0+(@1))
                 	LDI  R27,HIGH(@0+(@1))
                 	CALL __EEPROMWRB
                 	.ENDM
                 
                 	.MACRO __PUTW1EN
                 	LDI  R26,LOW(@0+(@1))
                 	LDI  R27,HIGH(@0+(@1))
                 	CALL __EEPROMWRW
                 	.ENDM
                 
                 	.MACRO __PUTD1EN
                 	LDI  R26,LOW(@0+(@1))
                 	LDI  R27,HIGH(@0+(@1))
                 	CALL __EEPROMWRD
                 	.ENDM
                 
                 	.MACRO __PUTBR0MN
                 	STS  @0+(@1),R0
                 	.ENDM
                 
                 	.MACRO __PUTBMRN
                 	STS  @0+(@1),R@2
                 	.ENDM
                 
                 	.MACRO __PUTWMRN
                 	STS  @0+(@1),R@2
                 	STS  @0+(@1)+1,R@3
                 	.ENDM
                 
                 	.MACRO __PUTBZR
                 	STD  Z+@1,R@0
                 	.ENDM
                 
                 	.MACRO __PUTWZR
                 	STD  Z+@2,R@0
                 	STD  Z+@2+1,R@1
                 	.ENDM
                 
                 	.MACRO __GETW1R
                 	MOV  R30,R@0
                 	MOV  R31,R@1
                 	.ENDM
                 
                 	.MACRO __GETW2R
                 	MOV  R26,R@0
                 	MOV  R27,R@1
                 	.ENDM
                 
                 	.MACRO __GETWRN
                 	LDI  R@0,LOW(@2)
                 	LDI  R@1,HIGH(@2)
                 	.ENDM
                 
                 	.MACRO __PUTW1R
                 	MOV  R@0,R30
                 	MOV  R@1,R31
                 	.ENDM
                 
                 	.MACRO __PUTW2R
                 	MOV  R@0,R26
                 	MOV  R@1,R27
                 	.ENDM
                 
                 	.MACRO __ADDWRN
                 	SUBI R@0,LOW(-@2)
                 	SBCI R@1,HIGH(-@2)
                 	.ENDM
                 
                 	.MACRO __ADDWRR
                 	ADD  R@0,R@2
                 	ADC  R@1,R@3
                 	.ENDM
                 
                 	.MACRO __SUBWRN
                 	SUBI R@0,LOW(@2)
                 	SBCI R@1,HIGH(@2)
                 	.ENDM
                 
                 	.MACRO __SUBWRR
                 	SUB  R@0,R@2
                 	SBC  R@1,R@3
                 	.ENDM
                 
                 	.MACRO __ANDWRN
                 	ANDI R@0,LOW(@2)
                 	ANDI R@1,HIGH(@2)
                 	.ENDM
                 
                 	.MACRO __ANDWRR
                 	AND  R@0,R@2
                 	AND  R@1,R@3
                 	.ENDM
                 
                 	.MACRO __ORWRN
                 	ORI  R@0,LOW(@2)
                 	ORI  R@1,HIGH(@2)
                 	.ENDM
                 
                 	.MACRO __ORWRR
                 	OR   R@0,R@2
                 	OR   R@1,R@3
                 	.ENDM
                 
                 	.MACRO __EORWRR
                 	EOR  R@0,R@2
                 	EOR  R@1,R@3
                 	.ENDM
                 
                 	.MACRO __GETWRS
                 	LDD  R@0,Y+@2
                 	LDD  R@1,Y+@2+1
                 	.ENDM
                 
                 	.MACRO __PUTBSR
                 	STD  Y+@1,R@0
                 	.ENDM
                 
                 	.MACRO __PUTWSR
                 	STD  Y+@2,R@0
                 	STD  Y+@2+1,R@1
                 	.ENDM
                 
                 	.MACRO __MOVEWRR
                 	MOV  R@0,R@2
                 	MOV  R@1,R@3
                 	.ENDM
                 
                 	.MACRO __INWR
                 	IN   R@0,@2
                 	IN   R@1,@2+1
                 	.ENDM
                 
                 	.MACRO __OUTWR
                 	OUT  @2+1,R@1
                 	OUT  @2,R@0
                 	.ENDM
                 
                 	.MACRO __CALL1MN
                 	LDS  R30,@0+(@1)
                 	LDS  R31,@0+(@1)+1
                 	ICALL
                 	.ENDM
                 
                 	.MACRO __CALL1FN
                 	LDI  R30,LOW(2*@0+(@1))
                 	LDI  R31,HIGH(2*@0+(@1))
                 	CALL __GETW1PF
                 	ICALL
                 	.ENDM
                 
                 	.MACRO __CALL2EN
                 	PUSH R26
                 	PUSH R27
                 	LDI  R26,LOW(@0+(@1))
                 	LDI  R27,HIGH(@0+(@1))
                 	CALL __EEPROMRDW
                 	POP  R27
                 	POP  R26
                 	ICALL
                 	.ENDM
                 
                 	.MACRO __CALL2EX
                 	SUBI R26,LOW(-@0)
                 	SBCI R27,HIGH(-@0)
                 	CALL __EEPROMRDD
                 	ICALL
                 	.ENDM
                 
                 	.MACRO __GETW1STACK
                 	IN   R30,SPL
                 	IN   R31,SPH
                 	ADIW R30,@0+1
                 	LD   R0,Z+
                 	LD   R31,Z
                 	MOV  R30,R0
                 	.ENDM
                 
                 	.MACRO __GETD1STACK
                 	IN   R30,SPL
                 	IN   R31,SPH
                 	ADIW R30,@0+1
                 	LD   R0,Z+
                 	LD   R1,Z+
                 	LD   R22,Z
                 	MOVW R30,R0
                 	.ENDM
                 
                 	.MACRO __NBST
                 	BST  R@0,@1
                 	IN   R30,SREG
                 	LDI  R31,0x40
                 	EOR  R30,R31
                 	OUT  SREG,R30
                 	.ENDM
                 
                 
                 	.MACRO __PUTB1SN
                 	LDD  R26,Y+@0
                 	LDD  R27,Y+@0+1
                 	SUBI R26,LOW(-@1)
                 	SBCI R27,HIGH(-@1)
                 	ST   X,R30
                 	.ENDM
                 
                 	.MACRO __PUTW1SN
                 	LDD  R26,Y+@0
                 	LDD  R27,Y+@0+1
                 	SUBI R26,LOW(-@1)
                 	SBCI R27,HIGH(-@1)
                 	ST   X+,R30
                 	ST   X,R31
                 	.ENDM
                 
                 	.MACRO __PUTD1SN
                 	LDD  R26,Y+@0
                 	LDD  R27,Y+@0+1
                 	SUBI R26,LOW(-@1)
                 	SBCI R27,HIGH(-@1)
                 	CALL __PUTDP1
                 	.ENDM
                 
                 	.MACRO __PUTB1SNS
                 	LDD  R26,Y+@0
                 	LDD  R27,Y+@0+1
                 	ADIW R26,@1
                 	ST   X,R30
                 	.ENDM
                 
                 	.MACRO __PUTW1SNS
                 	LDD  R26,Y+@0
                 	LDD  R27,Y+@0+1
                 	ADIW R26,@1
                 	ST   X+,R30
                 	ST   X,R31
                 	.ENDM
                 
                 	.MACRO __PUTD1SNS
                 	LDD  R26,Y+@0
                 	LDD  R27,Y+@0+1
                 	ADIW R26,@1
                 	CALL __PUTDP1
                 	.ENDM
                 
                 	.MACRO __PUTB1PMN
                 	LDS  R26,@0
                 	LDS  R27,@0+1
                 	SUBI R26,LOW(-@1)
                 	SBCI R27,HIGH(-@1)
                 	ST   X,R30
                 	.ENDM
                 
                 	.MACRO __PUTW1PMN
                 	LDS  R26,@0
                 	LDS  R27,@0+1
                 	SUBI R26,LOW(-@1)
                 	SBCI R27,HIGH(-@1)
                 	ST   X+,R30
                 	ST   X,R31
                 	.ENDM
                 
                 	.MACRO __PUTD1PMN
                 	LDS  R26,@0
                 	LDS  R27,@0+1
                 	SUBI R26,LOW(-@1)
                 	SBCI R27,HIGH(-@1)
                 	CALL __PUTDP1
                 	.ENDM
                 
                 	.MACRO __PUTB1PMNS
                 	LDS  R26,@0
                 	LDS  R27,@0+1
                 	ADIW R26,@1
                 	ST   X,R30
                 	.ENDM
                 
                 	.MACRO __PUTW1PMNS
                 	LDS  R26,@0
                 	LDS  R27,@0+1
                 	ADIW R26,@1
                 	ST   X+,R30
                 	ST   X,R31
                 	.ENDM
                 
                 	.MACRO __PUTD1PMNS
                 	LDS  R26,@0
                 	LDS  R27,@0+1
                 	ADIW R26,@1
                 	CALL __PUTDP1
                 	.ENDM
                 
                 	.MACRO __PUTB1RN
                 	MOVW R26,R@0
                 	SUBI R26,LOW(-@1)
                 	SBCI R27,HIGH(-@1)
                 	ST   X,R30
                 	.ENDM
                 
                 	.MACRO __PUTW1RN
                 	MOVW R26,R@0
                 	SUBI R26,LOW(-@1)
                 	SBCI R27,HIGH(-@1)
                 	ST   X+,R30
                 	ST   X,R31
                 	.ENDM
                 
                 	.MACRO __PUTD1RN
                 	MOVW R26,R@0
                 	SUBI R26,LOW(-@1)
                 	SBCI R27,HIGH(-@1)
                 	CALL __PUTDP1
                 	.ENDM
                 
                 	.MACRO __PUTB1RNS
                 	MOVW R26,R@0
                 	ADIW R26,@1
                 	ST   X,R30
                 	.ENDM
                 
                 	.MACRO __PUTW1RNS
                 	MOVW R26,R@0
                 	ADIW R26,@1
                 	ST   X+,R30
                 	ST   X,R31
                 	.ENDM
                 
                 	.MACRO __PUTD1RNS
                 	MOVW R26,R@0
                 	ADIW R26,@1
                 	CALL __PUTDP1
                 	.ENDM
                 
                 	.MACRO __PUTB1RON
                 	MOV  R26,R@0
                 	MOV  R27,R@1
                 	SUBI R26,LOW(-@2)
                 	SBCI R27,HIGH(-@2)
                 	ST   X,R30
                 	.ENDM
                 
                 	.MACRO __PUTW1RON
                 	MOV  R26,R@0
                 	MOV  R27,R@1
                 	SUBI R26,LOW(-@2)
                 	SBCI R27,HIGH(-@2)
                 	ST   X+,R30
                 	ST   X,R31
                 	.ENDM
                 
                 	.MACRO __PUTD1RON
                 	MOV  R26,R@0
                 	MOV  R27,R@1
                 	SUBI R26,LOW(-@2)
                 	SBCI R27,HIGH(-@2)
                 	CALL __PUTDP1
                 	.ENDM
                 
                 	.MACRO __PUTB1RONS
                 	MOV  R26,R@0
                 	MOV  R27,R@1
                 	ADIW R26,@2
                 	ST   X,R30
                 	.ENDM
                 
                 	.MACRO __PUTW1RONS
                 	MOV  R26,R@0
                 	MOV  R27,R@1
                 	ADIW R26,@2
                 	ST   X+,R30
                 	ST   X,R31
                 	.ENDM
                 
                 	.MACRO __PUTD1RONS
                 	MOV  R26,R@0
                 	MOV  R27,R@1
                 	ADIW R26,@2
                 	CALL __PUTDP1
                 	.ENDM
                 
                 
                 	.MACRO __GETB1SX
                 	MOVW R30,R28
                 	SUBI R30,LOW(-@0)
                 	SBCI R31,HIGH(-@0)
                 	LD   R30,Z
                 	.ENDM
                 
                 	.MACRO __GETB1HSX
                 	MOVW R30,R28
                 	SUBI R30,LOW(-@0)
                 	SBCI R31,HIGH(-@0)
                 	LD   R31,Z
                 	.ENDM
                 
                 	.MACRO __GETW1SX
                 	MOVW R30,R28
                 	SUBI R30,LOW(-@0)
                 	SBCI R31,HIGH(-@0)
                 	LD   R0,Z+
                 	LD   R31,Z
                 	MOV  R30,R0
                 	.ENDM
                 
                 	.MACRO __GETD1SX
                 	MOVW R30,R28
                 	SUBI R30,LOW(-@0)
                 	SBCI R31,HIGH(-@0)
                 	LD   R0,Z+
                 	LD   R1,Z+
                 	LD   R22,Z+
                 	LD   R23,Z
                 	MOVW R30,R0
                 	.ENDM
                 
                 	.MACRO __GETB2SX
                 	MOVW R26,R28
                 	SUBI R26,LOW(-@0)
                 	SBCI R27,HIGH(-@0)
                 	LD   R26,X
                 	.ENDM
                 
                 	.MACRO __GETW2SX
                 	MOVW R26,R28
                 	SUBI R26,LOW(-@0)
                 	SBCI R27,HIGH(-@0)
                 	LD   R0,X+
                 	LD   R27,X
                 	MOV  R26,R0
                 	.ENDM
                 
                 	.MACRO __GETD2SX
                 	MOVW R26,R28
                 	SUBI R26,LOW(-@0)
                 	SBCI R27,HIGH(-@0)
                 	LD   R0,X+
                 	LD   R1,X+
                 	LD   R24,X+
                 	LD   R25,X
                 	MOVW R26,R0
                 	.ENDM
                 
                 	.MACRO __GETBRSX
                 	MOVW R30,R28
                 	SUBI R30,LOW(-@1)
                 	SBCI R31,HIGH(-@1)
                 	LD   R@0,Z
                 	.ENDM
                 
                 	.MACRO __GETWRSX
                 	MOVW R30,R28
                 	SUBI R30,LOW(-@2)
                 	SBCI R31,HIGH(-@2)
                 	LD   R@0,Z+
                 	LD   R@1,Z
                 	.ENDM
                 
                 	.MACRO __GETBRSX2
                 	MOVW R26,R28
                 	SUBI R26,LOW(-@1)
                 	SBCI R27,HIGH(-@1)
                 	LD   R@0,X
                 	.ENDM
                 
                 	.MACRO __GETWRSX2
                 	MOVW R26,R28
                 	SUBI R26,LOW(-@2)
                 	SBCI R27,HIGH(-@2)
                 	LD   R@0,X+
                 	LD   R@1,X
                 	.ENDM
                 
                 	.MACRO __LSLW8SX
                 	MOVW R30,R28
                 	SUBI R30,LOW(-@0)
                 	SBCI R31,HIGH(-@0)
                 	LD   R31,Z
                 	CLR  R30
                 	.ENDM
                 
                 	.MACRO __PUTB1SX
                 	MOVW R26,R28
                 	SUBI R26,LOW(-@0)
                 	SBCI R27,HIGH(-@0)
                 	ST   X,R30
                 	.ENDM
                 
                 	.MACRO __PUTW1SX
                 	MOVW R26,R28
                 	SUBI R26,LOW(-@0)
                 	SBCI R27,HIGH(-@0)
                 	ST   X+,R30
                 	ST   X,R31
                 	.ENDM
                 
                 	.MACRO __PUTD1SX
                 	MOVW R26,R28
                 	SUBI R26,LOW(-@0)
                 	SBCI R27,HIGH(-@0)
                 	ST   X+,R30
                 	ST   X+,R31
                 	ST   X+,R22
                 	ST   X,R23
                 	.ENDM
                 
                 	.MACRO __CLRW1SX
                 	MOVW R26,R28
                 	SUBI R26,LOW(-@0)
                 	SBCI R27,HIGH(-@0)
                 	ST   X+,R30
                 	ST   X,R30
                 	.ENDM
                 
                 	.MACRO __CLRD1SX
                 	MOVW R26,R28
                 	SUBI R26,LOW(-@0)
                 	SBCI R27,HIGH(-@0)
                 	ST   X+,R30
                 	ST   X+,R30
                 	ST   X+,R30
                 	ST   X,R30
                 	.ENDM
                 
                 	.MACRO __PUTB2SX
                 	MOVW R30,R28
                 	SUBI R30,LOW(-@0)
                 	SBCI R31,HIGH(-@0)
                 	ST   Z,R26
                 	.ENDM
                 
                 	.MACRO __PUTW2SX
                 	MOVW R30,R28
                 	SUBI R30,LOW(-@0)
                 	SBCI R31,HIGH(-@0)
                 	ST   Z+,R26
                 	ST   Z,R27
                 	.ENDM
                 
                 	.MACRO __PUTD2SX
                 	MOVW R30,R28
                 	SUBI R30,LOW(-@0)
                 	SBCI R31,HIGH(-@0)
                 	ST   Z+,R26
                 	ST   Z+,R27
                 	ST   Z+,R24
                 	ST   Z,R25
                 	.ENDM
                 
                 	.MACRO __PUTBSRX
                 	MOVW R30,R28
                 	SUBI R30,LOW(-@1)
                 	SBCI R31,HIGH(-@1)
                 	ST   Z,R@0
                 	.ENDM
                 
                 	.MACRO __PUTWSRX
                 	MOVW R30,R28
                 	SUBI R30,LOW(-@2)
                 	SBCI R31,HIGH(-@2)
                 	ST   Z+,R@0
                 	ST   Z,R@1
                 	.ENDM
                 
                 	.MACRO __PUTB1SNX
                 	MOVW R26,R28
                 	SUBI R26,LOW(-@0)
                 	SBCI R27,HIGH(-@0)
                 	LD   R0,X+
                 	LD   R27,X
                 	MOV  R26,R0
                 	SUBI R26,LOW(-@1)
                 	SBCI R27,HIGH(-@1)
                 	ST   X,R30
                 	.ENDM
                 
                 	.MACRO __PUTW1SNX
                 	MOVW R26,R28
                 	SUBI R26,LOW(-@0)
                 	SBCI R27,HIGH(-@0)
                 	LD   R0,X+
                 	LD   R27,X
                 	MOV  R26,R0
                 	SUBI R26,LOW(-@1)
                 	SBCI R27,HIGH(-@1)
                 	ST   X+,R30
                 	ST   X,R31
                 	.ENDM
                 
                 	.MACRO __PUTD1SNX
                 	MOVW R26,R28
                 	SUBI R26,LOW(-@0)
                 	SBCI R27,HIGH(-@0)
                 	LD   R0,X+
                 	LD   R27,X
                 	MOV  R26,R0
                 	SUBI R26,LOW(-@1)
                 	SBCI R27,HIGH(-@1)
                 	ST   X+,R30
                 	ST   X+,R31
                 	ST   X+,R22
                 	ST   X,R23
                 	.ENDM
                 
                 	.MACRO __MULBRR
                 	MULS R@0,R@1
                 	MOVW R30,R0
                 	.ENDM
                 
                 	.MACRO __MULBRRU
                 	MUL  R@0,R@1
                 	MOVW R30,R0
                 	.ENDM
                 
                 	.MACRO __MULBRR0
                 	MULS R@0,R@1
                 	.ENDM
                 
                 	.MACRO __MULBRRU0
                 	MUL  R@0,R@1
                 	.ENDM
                 
                 	.MACRO __MULBNWRU
                 	LDI  R26,@2
                 	MUL  R26,R@0
                 	MOVW R30,R0
                 	MUL  R26,R@1
                 	ADD  R31,R0
                 	.ENDM
                 
                 ;NAME DEFINITIONS FOR GLOBAL VARIABLES ALLOCATED TO REGISTERS
                 	.DEF _i=R4
                 	.DEF _i_msb=R5
                 	.DEF _adc_min=R6
                 	.DEF _adc_min_msb=R7
                 	.DEF __lcd_x=R9
                 	.DEF __lcd_y=R8
                 	.DEF __lcd_maxx=R11
                 
                 	.CSEG
                 	.ORG 0x00
                 
                 ;START OF CODE MARKER
                 __START_OF_CODE:
                 
                 ;INTERRUPT VECTORS
000000 940c 0034 	JMP  __RESET
000002 940c 0000 	JMP  0x00
000004 940c 0000 	JMP  0x00
000006 940c 0000 	JMP  0x00
000008 940c 0000 	JMP  0x00
00000a 940c 0000 	JMP  0x00
00000c 940c 0000 	JMP  0x00
00000e 940c 0000 	JMP  0x00
000010 940c 0000 	JMP  0x00
000012 940c 0000 	JMP  0x00
000014 940c 0000 	JMP  0x00
000016 940c 0000 	JMP  0x00
000018 940c 0000 	JMP  0x00
00001a 940c 0000 	JMP  0x00
00001c 940c 0000 	JMP  0x00
00001e 940c 0000 	JMP  0x00
000020 940c 0000 	JMP  0x00
000022 940c 0000 	JMP  0x00
000024 940c 0000 	JMP  0x00
000026 940c 0000 	JMP  0x00
000028 940c 0000 	JMP  0x00
                 
                 _0x0:
00002a 454c
00002b 2044
00002c 2000
00002d 203a      	.DB  0x4C,0x45,0x44,0x20,0x0,0x20,0x3A,0x20
C:\Users\User\Desktop\Robotic\Footballist\robot kol\Debug\List\armin 6.asm(1127): warning: .cseg .db misalignment - padding zero byte
00002e 0000      	.DB  0x0
                 _0x2000003:
00002f c080      	.DB  0x80,0xC0
                 
                 __GLOBAL_INI_TBL:
000030 0002      	.DW  0x02
000031 0180      	.DW  __base_y_G100
000032 005e      	.DW  _0x2000003*2
                 
                 _0xFFFFFFFF:
000033 0000      	.DW  0
                 
                 #define __GLOBAL_INI_TBL_PRESENT 1
                 
                 __RESET:
000034 94f8      	CLI
000035 27ee      	CLR  R30
000036 bbec      	OUT  EECR,R30
                 
                 ;INTERRUPT VECTORS ARE PLACED
                 ;AT THE START OF FLASH
000037 e0f1      	LDI  R31,1
000038 bffb      	OUT  GICR,R31
000039 bfeb      	OUT  GICR,R30
00003a bfe5      	OUT  MCUCR,R30
                 
                 ;CLEAR R2-R14
00003b e08d      	LDI  R24,(14-2)+1
00003c e0a2      	LDI  R26,2
00003d 27bb      	CLR  R27
                 __CLEAR_REG:
00003e 93ed      	ST   X+,R30
00003f 958a      	DEC  R24
000040 f7e9      	BRNE __CLEAR_REG
                 
                 ;CLEAR SRAM
000041 e080      	LDI  R24,LOW(__CLEAR_SRAM_SIZE)
000042 e094      	LDI  R25,HIGH(__CLEAR_SRAM_SIZE)
000043 e6a0      	LDI  R26,__SRAM_START
                 __CLEAR_SRAM:
000044 93ed      	ST   X+,R30
000045 9701      	SBIW R24,1
000046 f7e9      	BRNE __CLEAR_SRAM
                 
                 ;GLOBAL VARIABLES INITIALIZATION
000047 e6e0      	LDI  R30,LOW(__GLOBAL_INI_TBL*2)
000048 e0f0      	LDI  R31,HIGH(__GLOBAL_INI_TBL*2)
                 __GLOBAL_INI_NEXT:
000049 9185      	LPM  R24,Z+
00004a 9195      	LPM  R25,Z+
00004b 9700      	SBIW R24,0
00004c f061      	BREQ __GLOBAL_INI_END
00004d 91a5      	LPM  R26,Z+
00004e 91b5      	LPM  R27,Z+
00004f 9005      	LPM  R0,Z+
000050 9015      	LPM  R1,Z+
000051 01bf      	MOVW R22,R30
000052 01f0      	MOVW R30,R0
                 __GLOBAL_INI_LOOP:
000053 9005      	LPM  R0,Z+
000054 920d      	ST   X+,R0
000055 9701      	SBIW R24,1
000056 f7e1      	BRNE __GLOBAL_INI_LOOP
000057 01fb      	MOVW R30,R22
000058 cff0      	RJMP __GLOBAL_INI_NEXT
                 __GLOBAL_INI_END:
                 
                 ;HARDWARE STACK POINTER INITIALIZATION
000059 e5ef      	LDI  R30,LOW(__SRAM_END-__HEAP_SIZE)
00005a bfed      	OUT  SPL,R30
00005b e0e4      	LDI  R30,HIGH(__SRAM_END-__HEAP_SIZE)
00005c bfee      	OUT  SPH,R30
                 
                 ;DATA STACK POINTER INITIALIZATION
00005d e6c0      	LDI  R28,LOW(__SRAM_START+__DSTACK_SIZE)
00005e e0d1      	LDI  R29,HIGH(__SRAM_START+__DSTACK_SIZE)
                 
00005f 940c 023d 	JMP  _main
                 
                 	.ESEG
                 	.ORG 0
                 
                 	.DSEG
                 	.ORG 0x160
                 
                 	.CSEG
                 ;/*******************************************************
                 ;This program was created by the
                 ;CodeWizardAVR V3.12 Advanced
                 ;Automatic Program Generator
                 ;© Copyright 1998-2014 Pavel Haiduc, HP InfoTech s.r.l.
                 ;http://www.hpinfotech.com
                 ;
                 ;Project :
                 ;Version :
                 ;Date    : 11/12/2017
                 ;Author  :
                 ;Company :
                 ;Comments:
                 ;
                 ;
                 ;Chip type               : ATmega16
                 ;Program type            : Application
                 ;AVR Core Clock frequency: 1.000000 MHz
                 ;Memory model            : Small
                 ;External RAM size       : 0
                 ;Data Stack size         : 256
                 ;*******************************************************/
                 ;
                 ;#include <mega16.h>
                 	#ifndef __SLEEP_DEFINED__
                 	#define __SLEEP_DEFINED__
                 	.EQU __se_bit=0x40
                 	.EQU __sm_mask=0xB0
                 	.EQU __sm_powerdown=0x20
                 	.EQU __sm_powersave=0x30
                 	.EQU __sm_standby=0xA0
                 	.EQU __sm_ext_standby=0xB0
                 	.EQU __sm_adc_noise_red=0x10
                 	.SET power_ctrl_reg=mcucr
                 	#endif
                 ;
                 ;#include <delay.h>
                 ;
                 ;// Alphanumeric LCD functions
                 ;#include <alcd.h>
                 ;
                 ;// Declare your global variables here
                 ;// Read the AD conversion result
                 ;#define ADC_VREF_TYPE ((0<<REFS1) | (1<<REFS0) | (0<<ADLAR))
                 ;unsigned int read_adc(unsigned char adc_input)
                 ; 0000 0023 {
                 
                 	.CSEG
                 _read_adc:
                 ; .FSTART _read_adc
                 ; 0000 0024 ADMUX=adc_input | ADC_VREF_TYPE;
000061 93aa      	ST   -Y,R26
                 ;	adc_input -> Y+0
000062 81e8      	LD   R30,Y
000063 64e0      	ORI  R30,0x40
000064 b9e7      	OUT  0x7,R30
                 ; 0000 0025 // Delay needed for the stabilization of the ADC input voltage
                 ; 0000 0026 delay_us(10);
                +
000065 e083     +LDI R24 , LOW ( 3 )
                +__DELAY_USB_LOOP :
000066 958a     +DEC R24
000067 f7f1     +BRNE __DELAY_USB_LOOP
                 	__DELAY_USB 3
                 ; 0000 0027 // Start the AD conversion
                 ; 0000 0028 ADCSRA|=(1<<ADSC);
000068 9a36      	SBI  0x6,6
                 ; 0000 0029 // Wait for the AD conversion to complete
                 ; 0000 002A while ((ADCSRA & (1<<ADIF))==0);
                 _0x3:
000069 9b34      	SBIS 0x6,4
00006a cffe      	RJMP _0x3
                 ; 0000 002B ADCSRA|=(1<<ADIF);
00006b 9a34      	SBI  0x6,4
                 ; 0000 002C return ADCW;
00006c b1e4      	IN   R30,0x4
00006d b1f5      	IN   R31,0x4+1
00006e 940c 02fd 	JMP  _0x2020001
                 ; 0000 002D }
                 ; .FEND
                 ;
                 ;int i,led[16],adc_min;
                 ;void sensor()
                 ; 0000 0031 {
                 _sensor:
                 ; .FSTART _sensor
                 ; 0000 0032     for(i = 0 ; i < 16 ; i++)
000070 2444      	CLR  R4
000071 2455      	CLR  R5
                 _0x7:
000072 e1e0      	LDI  R30,LOW(16)
000073 e0f0      	LDI  R31,HIGH(16)
000074 164e      	CP   R4,R30
000075 065f      	CPC  R5,R31
000076 f00c      	BRLT PC+2
000077 c046      	RJMP _0x8
                 ; 0000 0033     {
                 ; 0000 0034         PORTB.4 = (i/8)%2;
000078 01d2      	MOVW R26,R4
000079 e0e8      	LDI  R30,LOW(8)
00007a e0f0      	LDI  R31,HIGH(8)
00007b 940e 02ff 	CALL SUBOPT_0x0
00007d f411      	BRNE _0x9
00007e 98c4      	CBI  0x18,4
00007f c001      	RJMP _0xA
                 _0x9:
000080 9ac4      	SBI  0x18,4
                 _0xA:
                 ; 0000 0035         PORTB.5 = (i/4)%2;
000081 01d2      	MOVW R26,R4
000082 e0e4      	LDI  R30,LOW(4)
000083 e0f0      	LDI  R31,HIGH(4)
000084 940e 02ff 	CALL SUBOPT_0x0
000086 f411      	BRNE _0xB
000087 98c5      	CBI  0x18,5
000088 c001      	RJMP _0xC
                 _0xB:
000089 9ac5      	SBI  0x18,5
                 _0xC:
                 ; 0000 0036         PORTB.6 = (i/2)%2;
00008a 01d2      	MOVW R26,R4
00008b e0e2      	LDI  R30,LOW(2)
00008c e0f0      	LDI  R31,HIGH(2)
00008d 940e 02ff 	CALL SUBOPT_0x0
00008f f411      	BRNE _0xD
000090 98c6      	CBI  0x18,6
000091 c001      	RJMP _0xE
                 _0xD:
000092 9ac6      	SBI  0x18,6
                 _0xE:
                 ; 0000 0037         PORTB.7 = (i/1)%2;
000093 01f2      	MOVW R30,R4
000094 e0a1      	LDI  R26,LOW(1)
000095 e0b0      	LDI  R27,HIGH(1)
000096 940e 037c 	CALL __MANDW12
000098 30e0      	CPI  R30,0
000099 f411      	BRNE _0xF
00009a 98c7      	CBI  0x18,7
00009b c001      	RJMP _0x10
                 _0xF:
00009c 9ac7      	SBI  0x18,7
                 _0x10:
                 ; 0000 0038         led[i] = read_adc(0);
00009d 01f2      	MOVW R30,R4
00009e 940e 0307 	CALL SUBOPT_0x1
0000a0 0fea      	ADD  R30,R26
0000a1 1ffb      	ADC  R31,R27
0000a2 93ff      	PUSH R31
0000a3 93ef      	PUSH R30
0000a4 e0a0      	LDI  R26,LOW(0)
0000a5 dfbb      	RCALL _read_adc
0000a6 91af      	POP  R26
0000a7 91bf      	POP  R27
0000a8 93ed      	ST   X+,R30
0000a9 93fc      	ST   X,R31
                 ; 0000 0039         if(led[i] < led[adc_min])
0000aa 01f2      	MOVW R30,R4
0000ab 940e 0307 	CALL SUBOPT_0x1
0000ad 0fae      	ADD  R26,R30
0000ae 1fbf      	ADC  R27,R31
0000af 900d      	LD   R0,X+
0000b0 901c      	LD   R1,X
0000b1 01f3      	MOVW R30,R6
0000b2 940e 0307 	CALL SUBOPT_0x1
0000b4 940e 030c 	CALL SUBOPT_0x2
0000b6 160e      	CP   R0,R30
0000b7 061f      	CPC  R1,R31
0000b8 f40c      	BRGE _0x11
                 ; 0000 003A         {
                 ; 0000 003B             i = adc_min;
0000b9 0123      	MOVW R4,R6
                 ; 0000 003C         }
                 ; 0000 003D     }
                 _0x11:
0000ba 01f2      	MOVW R30,R4
0000bb 9631      	ADIW R30,1
0000bc 012f      	MOVW R4,R30
0000bd cfb4      	RJMP _0x7
                 _0x8:
                 ; 0000 003E     lcd_gotoxy(0,0);
0000be e0e0      	LDI  R30,LOW(0)
0000bf 93ea      	ST   -Y,R30
0000c0 e0a0      	LDI  R26,LOW(0)
0000c1 940e 0296 	CALL _lcd_gotoxy
                 ; 0000 003F     lcd_putsf("LED ");
                +
0000c3 e5a4     +LDI R26 , LOW ( 2 * _0x0 + ( 0 ) )
0000c4 e0b0     +LDI R27 , HIGH ( 2 * _0x0 + ( 0 ) )
                 	__POINTW2FN _0x0,0
0000c5 940e 02c2 	CALL _lcd_putsf
                 ; 0000 0040     lcd_putchar((adc_min/10)%10 + '0');
0000c7 01d3      	MOVW R26,R6
0000c8 940e 0311 	CALL SUBOPT_0x3
                 ; 0000 0041     lcd_putchar((adc_min/1)%10 + '0');
0000ca 01d3      	MOVW R26,R6
0000cb 940e 031d 	CALL SUBOPT_0x4
                 ; 0000 0042     lcd_putsf(" : ");
                +
0000cd e5a9     +LDI R26 , LOW ( 2 * _0x0 + ( 5 ) )
0000ce e0b0     +LDI R27 , HIGH ( 2 * _0x0 + ( 5 ) )
                 	__POINTW2FN _0x0,5
0000cf 940e 02c2 	CALL _lcd_putsf
                 ; 0000 0043     lcd_putchar((led[adc_min]/1000)%10 + '0');
0000d1 01f3      	MOVW R30,R6
0000d2 940e 0307 	CALL SUBOPT_0x1
0000d4 940e 030c 	CALL SUBOPT_0x2
0000d6 01df      	MOVW R26,R30
0000d7 eee8      	LDI  R30,LOW(1000)
0000d8 e0f3      	LDI  R31,HIGH(1000)
0000d9 940e 0369 	CALL __DIVW21
0000db 01df      	MOVW R26,R30
0000dc 940e 031d 	CALL SUBOPT_0x4
                 ; 0000 0044     lcd_putchar((led[adc_min]/100)%10 + '0');
0000de 01f3      	MOVW R30,R6
0000df 940e 0307 	CALL SUBOPT_0x1
0000e1 940e 030c 	CALL SUBOPT_0x2
0000e3 01df      	MOVW R26,R30
0000e4 e6e4      	LDI  R30,LOW(100)
0000e5 e0f0      	LDI  R31,HIGH(100)
0000e6 940e 0369 	CALL __DIVW21
0000e8 01df      	MOVW R26,R30
0000e9 940e 031d 	CALL SUBOPT_0x4
                 ; 0000 0045     lcd_putchar((led[adc_min]/10)%10 + '0');
0000eb 01f3      	MOVW R30,R6
0000ec 940e 0307 	CALL SUBOPT_0x1
0000ee 940e 030c 	CALL SUBOPT_0x2
0000f0 01df      	MOVW R26,R30
0000f1 940e 0311 	CALL SUBOPT_0x3
                 ; 0000 0046     lcd_putchar((led[adc_min]/1)%10 + '0');
0000f3 01f3      	MOVW R30,R6
0000f4 940e 0307 	CALL SUBOPT_0x1
0000f6 940e 030c 	CALL SUBOPT_0x2
0000f8 01df      	MOVW R26,R30
0000f9 940e 031d 	CALL SUBOPT_0x4
                 ; 0000 0047 }
0000fb 9508      	RET
                 ; .FEND
                 ;void motor(int mr1, int mr2, int ml1, int ml2)
                 ; 0000 0049 {
                 _motor:
                 ; .FSTART _motor
                 ; 0000 004A     if(mr1 < -255) mr1 = -255;
0000fc 93ba      	ST   -Y,R27
0000fd 93aa      	ST   -Y,R26
                 ;	mr1 -> Y+6
                 ;	mr2 -> Y+4
                 ;	ml1 -> Y+2
                 ;	ml2 -> Y+0
0000fe 81ae      	LDD  R26,Y+6
0000ff 81bf      	LDD  R27,Y+6+1
000100 30a1      	CPI  R26,LOW(0xFF01)
000101 efef      	LDI  R30,HIGH(0xFF01)
000102 07be      	CPC  R27,R30
000103 f424      	BRGE _0x12
000104 e0e1      	LDI  R30,LOW(65281)
000105 efff      	LDI  R31,HIGH(65281)
000106 83ee      	STD  Y+6,R30
000107 83ff      	STD  Y+6+1,R31
                 ; 0000 004B     if(mr1 > 255) mr1 = 255;
                 _0x12:
000108 81ae      	LDD  R26,Y+6
000109 81bf      	LDD  R27,Y+6+1
00010a 30a0      	CPI  R26,LOW(0x100)
00010b e0e1      	LDI  R30,HIGH(0x100)
00010c 07be      	CPC  R27,R30
00010d f024      	BRLT _0x13
00010e efef      	LDI  R30,LOW(255)
00010f e0f0      	LDI  R31,HIGH(255)
000110 83ee      	STD  Y+6,R30
000111 83ff      	STD  Y+6+1,R31
                 ; 0000 004C     if(mr2 < -255) mr2 = -255;
                 _0x13:
000112 81ac      	LDD  R26,Y+4
000113 81bd      	LDD  R27,Y+4+1
000114 30a1      	CPI  R26,LOW(0xFF01)
000115 efef      	LDI  R30,HIGH(0xFF01)
000116 07be      	CPC  R27,R30
000117 f424      	BRGE _0x14
000118 e0e1      	LDI  R30,LOW(65281)
000119 efff      	LDI  R31,HIGH(65281)
00011a 83ec      	STD  Y+4,R30
00011b 83fd      	STD  Y+4+1,R31
                 ; 0000 004D     if(mr2 > 255) mr2 = 255;
                 _0x14:
00011c 81ac      	LDD  R26,Y+4
00011d 81bd      	LDD  R27,Y+4+1
00011e 30a0      	CPI  R26,LOW(0x100)
00011f e0e1      	LDI  R30,HIGH(0x100)
000120 07be      	CPC  R27,R30
000121 f024      	BRLT _0x15
000122 efef      	LDI  R30,LOW(255)
000123 e0f0      	LDI  R31,HIGH(255)
000124 83ec      	STD  Y+4,R30
000125 83fd      	STD  Y+4+1,R31
                 ; 0000 004E     if(ml1 < -255) ml1 = -255;
                 _0x15:
000126 81aa      	LDD  R26,Y+2
000127 81bb      	LDD  R27,Y+2+1
000128 30a1      	CPI  R26,LOW(0xFF01)
000129 efef      	LDI  R30,HIGH(0xFF01)
00012a 07be      	CPC  R27,R30
00012b f424      	BRGE _0x16
00012c e0e1      	LDI  R30,LOW(65281)
00012d efff      	LDI  R31,HIGH(65281)
00012e 83ea      	STD  Y+2,R30
00012f 83fb      	STD  Y+2+1,R31
                 ; 0000 004F     if(ml1 > 255) ml1 = 255;
                 _0x16:
000130 81aa      	LDD  R26,Y+2
000131 81bb      	LDD  R27,Y+2+1
000132 30a0      	CPI  R26,LOW(0x100)
000133 e0e1      	LDI  R30,HIGH(0x100)
000134 07be      	CPC  R27,R30
000135 f024      	BRLT _0x17
000136 efef      	LDI  R30,LOW(255)
000137 e0f0      	LDI  R31,HIGH(255)
000138 83ea      	STD  Y+2,R30
000139 83fb      	STD  Y+2+1,R31
                 ; 0000 0050     if(ml2 < -255) ml2 = -255;
                 _0x17:
00013a 81a8      	LD   R26,Y
00013b 81b9      	LDD  R27,Y+1
00013c 30a1      	CPI  R26,LOW(0xFF01)
00013d efef      	LDI  R30,HIGH(0xFF01)
00013e 07be      	CPC  R27,R30
00013f f424      	BRGE _0x18
000140 e0e1      	LDI  R30,LOW(65281)
000141 efff      	LDI  R31,HIGH(65281)
000142 83e8      	ST   Y,R30
000143 83f9      	STD  Y+1,R31
                 ; 0000 0051     if(ml2 > 255) ml2 = 255;
                 _0x18:
000144 81a8      	LD   R26,Y
000145 81b9      	LDD  R27,Y+1
000146 30a0      	CPI  R26,LOW(0x100)
000147 e0e1      	LDI  R30,HIGH(0x100)
000148 07be      	CPC  R27,R30
000149 f024      	BRLT _0x19
00014a efef      	LDI  R30,LOW(255)
00014b e0f0      	LDI  R31,HIGH(255)
00014c 83e8      	ST   Y,R30
00014d 83f9      	STD  Y+1,R31
                 ; 0000 0052     //////////////////////////////////////////////////////////////////////////////////////////////////
                 ; 0000 0053     if (mr1 >= 0)
                 _0x19:
00014e 81af      	LDD  R26,Y+7
00014f 23aa      	TST  R26
000150 f01a      	BRMI _0x1A
                 ; 0000 0054     {
                 ; 0000 0055         PORTD.0 = 0;
000151 9890      	CBI  0x12,0
                 ; 0000 0056         OCR0 = mr1;
000152 81ee      	LDD  R30,Y+6
000153 c006      	RJMP _0x5A
                 ; 0000 0057     }
                 ; 0000 0058     else if(mr1 < 0)
                 _0x1A:
000154 81af      	LDD  R26,Y+7
000155 23aa      	TST  R26
000156 f422      	BRPL _0x1E
                 ; 0000 0059     {
                 ; 0000 005A         PORTD.0 = 1;
000157 9a90      	SBI  0x12,0
                 ; 0000 005B         OCR0 = mr1+255;
000158 81ee      	LDD  R30,Y+6
000159 50e1      	SUBI R30,-LOW(255)
                 _0x5A:
00015a bfec      	OUT  0x3C,R30
                 ; 0000 005C     }
                 ; 0000 005D     //////////////////////////////////////////////////////////////////////////////////////////////////
                 ; 0000 005E     if (mr2 >= 0)
                 _0x1E:
00015b 81ad      	LDD  R26,Y+5
00015c 23aa      	TST  R26
00015d f01a      	BRMI _0x21
                 ; 0000 005F     {
                 ; 0000 0060         PORTD.0 = 0;
00015e 9890      	CBI  0x12,0
                 ; 0000 0061         OCR0 = mr2;
00015f 81ec      	LDD  R30,Y+4
000160 c006      	RJMP _0x5B
                 ; 0000 0062     }
                 ; 0000 0063     else if(mr2 < 0)
                 _0x21:
000161 81ad      	LDD  R26,Y+5
000162 23aa      	TST  R26
000163 f422      	BRPL _0x25
                 ; 0000 0064     {
                 ; 0000 0065         PORTD.0 = 1;
000164 9a90      	SBI  0x12,0
                 ; 0000 0066         OCR0 = mr2+255;
000165 81ec      	LDD  R30,Y+4
000166 50e1      	SUBI R30,-LOW(255)
                 _0x5B:
000167 bfec      	OUT  0x3C,R30
                 ; 0000 0067     }
                 ; 0000 0068     //////////////////////////////////////////////////////////////////////////////////////////////////
                 ; 0000 0069     if (ml2 >= 0)
                 _0x25:
000168 81a9      	LDD  R26,Y+1
000169 23aa      	TST  R26
00016a f01a      	BRMI _0x28
                 ; 0000 006A     {
                 ; 0000 006B         PORTD.0 = 0;
00016b 9890      	CBI  0x12,0
                 ; 0000 006C         OCR0 = ml2;
00016c 81e8      	LD   R30,Y
00016d c006      	RJMP _0x5C
                 ; 0000 006D     }
                 ; 0000 006E     else if(ml2 < 0)
                 _0x28:
00016e 81a9      	LDD  R26,Y+1
00016f 23aa      	TST  R26
000170 f422      	BRPL _0x2C
                 ; 0000 006F     {
                 ; 0000 0070         PORTD.0 = 1;
000171 9a90      	SBI  0x12,0
                 ; 0000 0071         OCR0 = ml2+255;
000172 81e8      	LD   R30,Y
000173 50e1      	SUBI R30,-LOW(255)
                 _0x5C:
000174 bfec      	OUT  0x3C,R30
                 ; 0000 0072     }
                 ; 0000 0073     //////////////////////////////////////////////////////////////////////////////////////////////////
                 ; 0000 0074     if (ml1 >= 0)
                 _0x2C:
000175 81ab      	LDD  R26,Y+3
000176 23aa      	TST  R26
000177 f01a      	BRMI _0x2F
                 ; 0000 0075     {
                 ; 0000 0076         PORTD.0 = 0;
000178 9890      	CBI  0x12,0
                 ; 0000 0077         OCR0 = ml1;
000179 81ea      	LDD  R30,Y+2
00017a c006      	RJMP _0x5D
                 ; 0000 0078     }
                 ; 0000 0079     else if(ml1 < 0)
                 _0x2F:
00017b 81ab      	LDD  R26,Y+3
00017c 23aa      	TST  R26
00017d f422      	BRPL _0x33
                 ; 0000 007A     {
                 ; 0000 007B         PORTD.0 = 1;
00017e 9a90      	SBI  0x12,0
                 ; 0000 007C         OCR0 = ml1+255;
00017f 81ea      	LDD  R30,Y+2
000180 50e1      	SUBI R30,-LOW(255)
                 _0x5D:
000181 bfec      	OUT  0x3C,R30
                 ; 0000 007D     }
                 ; 0000 007E }
                 _0x33:
000182 9628      	ADIW R28,8
000183 9508      	RET
                 ; .FEND
                 ;void findball()
                 ; 0000 0080 {
                 _findball:
                 ; .FSTART _findball
                 ; 0000 0081       if(led[adc_min] < 700)
000184 01f3      	MOVW R30,R6
000185 d181      	RCALL SUBOPT_0x1
000186 d185      	RCALL SUBOPT_0x2
000187 3bec      	CPI  R30,LOW(0x2BC)
000188 e0a2      	LDI  R26,HIGH(0x2BC)
000189 07fa      	CPC  R31,R26
00018a f00c      	BRLT PC+2
00018b c0b0      	RJMP _0x36
                 ; 0000 0082       {
                 ; 0000 0083       if(adc_min == 0) motor(255,255,-255,-255);
00018c 2c06      	MOV  R0,R6
00018d 2807      	OR   R0,R7
00018e f431      	BRNE _0x37
00018f d194      	RCALL SUBOPT_0x5
000190 d193      	RCALL SUBOPT_0x5
000191 d197      	RCALL SUBOPT_0x6
000192 e0a1      	LDI  R26,LOW(65281)
000193 efbf      	LDI  R27,HIGH(65281)
000194 c0a6      	RJMP _0x5E
                 ; 0000 0084       else if(adc_min == 1) motor(128,255,-128,-255);
                 _0x37:
000195 e0e1      	LDI  R30,LOW(1)
000196 e0f0      	LDI  R31,HIGH(1)
000197 15e6      	CP   R30,R6
000198 05f7      	CPC  R31,R7
000199 f431      	BRNE _0x39
00019a d193      	RCALL SUBOPT_0x7
00019b d188      	RCALL SUBOPT_0x5
00019c d196      	RCALL SUBOPT_0x8
00019d e0a1      	LDI  R26,LOW(65281)
00019e efbf      	LDI  R27,HIGH(65281)
00019f c09b      	RJMP _0x5E
                 ; 0000 0085       else if(adc_min == 2) motor(0,255,0,-255);
                 _0x39:
0001a0 e0e2      	LDI  R30,LOW(2)
0001a1 e0f0      	LDI  R31,HIGH(2)
0001a2 15e6      	CP   R30,R6
0001a3 05f7      	CPC  R31,R7
0001a4 f431      	BRNE _0x3B
0001a5 d192      	RCALL SUBOPT_0x9
0001a6 d17d      	RCALL SUBOPT_0x5
0001a7 d190      	RCALL SUBOPT_0x9
0001a8 e0a1      	LDI  R26,LOW(65281)
0001a9 efbf      	LDI  R27,HIGH(65281)
0001aa c090      	RJMP _0x5E
                 ; 0000 0086       else if(adc_min == 3) motor(-128,255,128,-255);
                 _0x3B:
0001ab e0e3      	LDI  R30,LOW(3)
0001ac e0f0      	LDI  R31,HIGH(3)
0001ad 15e6      	CP   R30,R6
0001ae 05f7      	CPC  R31,R7
0001af f431      	BRNE _0x3D
0001b0 d182      	RCALL SUBOPT_0x8
0001b1 d172      	RCALL SUBOPT_0x5
0001b2 d17b      	RCALL SUBOPT_0x7
0001b3 e0a1      	LDI  R26,LOW(65281)
0001b4 efbf      	LDI  R27,HIGH(65281)
0001b5 c085      	RJMP _0x5E
                 ; 0000 0087       else if(adc_min == 4) motor(-255,255,255,-255);
                 _0x3D:
0001b6 e0e4      	LDI  R30,LOW(4)
0001b7 e0f0      	LDI  R31,HIGH(4)
0001b8 15e6      	CP   R30,R6
0001b9 05f7      	CPC  R31,R7
0001ba f431      	BRNE _0x3F
0001bb d16d      	RCALL SUBOPT_0x6
0001bc d167      	RCALL SUBOPT_0x5
0001bd d166      	RCALL SUBOPT_0x5
0001be e0a1      	LDI  R26,LOW(65281)
0001bf efbf      	LDI  R27,HIGH(65281)
0001c0 c07a      	RJMP _0x5E
                 ; 0000 0088       else if(adc_min == 5) motor(-255,128,255,-128);
                 _0x3F:
0001c1 e0e5      	LDI  R30,LOW(5)
0001c2 e0f0      	LDI  R31,HIGH(5)
0001c3 15e6      	CP   R30,R6
0001c4 05f7      	CPC  R31,R7
0001c5 f429      	BRNE _0x41
0001c6 d162      	RCALL SUBOPT_0x6
0001c7 d166      	RCALL SUBOPT_0x7
0001c8 efef      	LDI  R30,LOW(255)
0001c9 e0f0      	LDI  R31,HIGH(255)
0001ca c06c      	RJMP _0x5F
                 ; 0000 0089       else if(adc_min == 6) motor(-255,0,255,0);
                 _0x41:
0001cb e0e6      	LDI  R30,LOW(6)
0001cc e0f0      	LDI  R31,HIGH(6)
0001cd 15e6      	CP   R30,R6
0001ce 05f7      	CPC  R31,R7
0001cf f431      	BRNE _0x43
0001d0 d158      	RCALL SUBOPT_0x6
0001d1 d166      	RCALL SUBOPT_0x9
0001d2 d151      	RCALL SUBOPT_0x5
0001d3 e0a0      	LDI  R26,LOW(0)
0001d4 e0b0      	LDI  R27,0
0001d5 c065      	RJMP _0x5E
                 ; 0000 008A       else if(adc_min == 7) motor(-255,-128,255,128);
                 _0x43:
0001d6 e0e7      	LDI  R30,LOW(7)
0001d7 e0f0      	LDI  R31,HIGH(7)
0001d8 15e6      	CP   R30,R6
0001d9 05f7      	CPC  R31,R7
0001da f431      	BRNE _0x45
0001db d14d      	RCALL SUBOPT_0x6
0001dc d156      	RCALL SUBOPT_0x8
0001dd d146      	RCALL SUBOPT_0x5
0001de e8a0      	LDI  R26,LOW(128)
0001df e0b0      	LDI  R27,0
0001e0 c05a      	RJMP _0x5E
                 ; 0000 008B       else if(adc_min == 8) motor(-255,-255,255,255);
                 _0x45:
0001e1 e0e8      	LDI  R30,LOW(8)
0001e2 e0f0      	LDI  R31,HIGH(8)
0001e3 15e6      	CP   R30,R6
0001e4 05f7      	CPC  R31,R7
0001e5 f431      	BRNE _0x47
0001e6 d142      	RCALL SUBOPT_0x6
0001e7 d141      	RCALL SUBOPT_0x6
0001e8 d13b      	RCALL SUBOPT_0x5
0001e9 efaf      	LDI  R26,LOW(255)
0001ea e0b0      	LDI  R27,0
0001eb c04f      	RJMP _0x5E
                 ; 0000 008C       else if(adc_min == 9) motor(-128,-255,128,255);
                 _0x47:
0001ec e0e9      	LDI  R30,LOW(9)
0001ed e0f0      	LDI  R31,HIGH(9)
0001ee 15e6      	CP   R30,R6
0001ef 05f7      	CPC  R31,R7
0001f0 f431      	BRNE _0x49
0001f1 d141      	RCALL SUBOPT_0x8
0001f2 d136      	RCALL SUBOPT_0x6
0001f3 d13a      	RCALL SUBOPT_0x7
0001f4 efaf      	LDI  R26,LOW(255)
0001f5 e0b0      	LDI  R27,0
0001f6 c044      	RJMP _0x5E
                 ; 0000 008D       else if(adc_min == 10) motor(0,-255,0,255);
                 _0x49:
0001f7 e0ea      	LDI  R30,LOW(10)
0001f8 e0f0      	LDI  R31,HIGH(10)
0001f9 15e6      	CP   R30,R6
0001fa 05f7      	CPC  R31,R7
0001fb f431      	BRNE _0x4B
0001fc d13b      	RCALL SUBOPT_0x9
0001fd d12b      	RCALL SUBOPT_0x6
0001fe d139      	RCALL SUBOPT_0x9
0001ff efaf      	LDI  R26,LOW(255)
000200 e0b0      	LDI  R27,0
000201 c039      	RJMP _0x5E
                 ; 0000 008E       else if(adc_min == 11) motor(128,-255,-128,255);
                 _0x4B:
000202 e0eb      	LDI  R30,LOW(11)
000203 e0f0      	LDI  R31,HIGH(11)
000204 15e6      	CP   R30,R6
000205 05f7      	CPC  R31,R7
000206 f431      	BRNE _0x4D
000207 d126      	RCALL SUBOPT_0x7
000208 d120      	RCALL SUBOPT_0x6
000209 d129      	RCALL SUBOPT_0x8
00020a efaf      	LDI  R26,LOW(255)
00020b e0b0      	LDI  R27,0
00020c c02e      	RJMP _0x5E
                 ; 0000 008F       else if(adc_min == 12) motor(255,-255,-255,255);
                 _0x4D:
00020d e0ec      	LDI  R30,LOW(12)
00020e e0f0      	LDI  R31,HIGH(12)
00020f 15e6      	CP   R30,R6
000210 05f7      	CPC  R31,R7
000211 f431      	BRNE _0x4F
000212 d111      	RCALL SUBOPT_0x5
000213 d115      	RCALL SUBOPT_0x6
000214 d114      	RCALL SUBOPT_0x6
000215 efaf      	LDI  R26,LOW(255)
000216 e0b0      	LDI  R27,0
000217 c023      	RJMP _0x5E
                 ; 0000 0090       else if(adc_min == 13) motor(255,-128,-255,128);
                 _0x4F:
000218 e0ed      	LDI  R30,LOW(13)
000219 e0f0      	LDI  R31,HIGH(13)
00021a 15e6      	CP   R30,R6
00021b 05f7      	CPC  R31,R7
00021c f431      	BRNE _0x51
00021d d106      	RCALL SUBOPT_0x5
00021e d114      	RCALL SUBOPT_0x8
00021f d109      	RCALL SUBOPT_0x6
000220 e8a0      	LDI  R26,LOW(128)
000221 e0b0      	LDI  R27,0
000222 c018      	RJMP _0x5E
                 ; 0000 0091       else if(adc_min == 14) motor(255,0,-255,0);
                 _0x51:
000223 e0ee      	LDI  R30,LOW(14)
000224 e0f0      	LDI  R31,HIGH(14)
000225 15e6      	CP   R30,R6
000226 05f7      	CPC  R31,R7
000227 f431      	BRNE _0x53
000228 d0fb      	RCALL SUBOPT_0x5
000229 d10e      	RCALL SUBOPT_0x9
00022a d0fe      	RCALL SUBOPT_0x6
00022b e0a0      	LDI  R26,LOW(0)
00022c e0b0      	LDI  R27,0
00022d c00d      	RJMP _0x5E
                 ; 0000 0092       else if(adc_min == 15) motor(255,128,-255,-128);
                 _0x53:
00022e e0ef      	LDI  R30,LOW(15)
00022f e0f0      	LDI  R31,HIGH(15)
000230 15e6      	CP   R30,R6
000231 05f7      	CPC  R31,R7
000232 f449      	BRNE _0x55
000233 d0f0      	RCALL SUBOPT_0x5
000234 d0f9      	RCALL SUBOPT_0x7
000235 e0e1      	LDI  R30,LOW(65281)
000236 efff      	LDI  R31,HIGH(65281)
                 _0x5F:
000237 93fa      	ST   -Y,R31
000238 93ea      	ST   -Y,R30
000239 e8a0      	LDI  R26,LOW(65408)
00023a efbf      	LDI  R27,HIGH(65408)
                 _0x5E:
00023b dec0      	RCALL _motor
                 ; 0000 0093       }
                 _0x55:
                 ; 0000 0094 }
                 _0x36:
00023c 9508      	RET
                 ; .FEND
                 ;// Voltage Reference: AVCC pin
                 ;
                 ;void main(void)
                 ; 0000 0098 {
                 _main:
                 ; .FSTART _main
                 ; 0000 0099 {
                 ; 0000 009A // Declare your local variables here
                 ; 0000 009B 
                 ; 0000 009C // Input/Output Ports initialization
                 ; 0000 009D // Port A initialization
                 ; 0000 009E // Function: Bit7=In Bit6=In Bit5=In Bit4=In Bit3=In Bit2=In Bit1=In Bit0=In
                 ; 0000 009F DDRA=(0<<DDA7) | (0<<DDA6) | (0<<DDA5) | (0<<DDA4) | (0<<DDA3) | (0<<DDA2) | (0<<DDA1) | (0<<DDA0);
00023d e0e0      	LDI  R30,LOW(0)
00023e bbea      	OUT  0x1A,R30
                 ; 0000 00A0 // State: Bit7=T Bit6=T Bit5=T Bit4=T Bit3=T Bit2=T Bit1=T Bit0=T
                 ; 0000 00A1 PORTA=(0<<PORTA7) | (0<<PORTA6) | (0<<PORTA5) | (0<<PORTA4) | (0<<PORTA3) | (0<<PORTA2) | (0<<PORTA1) | (0<<PORTA0);
00023f bbeb      	OUT  0x1B,R30
                 ; 0000 00A2 
                 ; 0000 00A3 // Port B initialization
                 ; 0000 00A4 // Function: Bit7=Out Bit6=Out Bit5=Out Bit4=Out Bit3=Out Bit2=Out Bit1=In Bit0=In
                 ; 0000 00A5 DDRB=(1<<DDB7) | (1<<DDB6) | (1<<DDB5) | (1<<DDB4) | (1<<DDB3) | (1<<DDB2) | (0<<DDB1) | (0<<DDB0);
000240 efec      	LDI  R30,LOW(252)
000241 bbe7      	OUT  0x17,R30
                 ; 0000 00A6 // State: Bit7=0 Bit6=0 Bit5=0 Bit4=0 Bit3=0 Bit2=0 Bit1=T Bit0=T
                 ; 0000 00A7 PORTB=(0<<PORTB7) | (0<<PORTB6) | (0<<PORTB5) | (0<<PORTB4) | (0<<PORTB3) | (0<<PORTB2) | (0<<PORTB1) | (0<<PORTB0);
000242 e0e0      	LDI  R30,LOW(0)
000243 bbe8      	OUT  0x18,R30
                 ; 0000 00A8 
                 ; 0000 00A9 // Port C initialization
                 ; 0000 00AA // Function: Bit7=In Bit6=In Bit5=In Bit4=In Bit3=In Bit2=In Bit1=In Bit0=In
                 ; 0000 00AB DDRC=(0<<DDC7) | (0<<DDC6) | (0<<DDC5) | (0<<DDC4) | (0<<DDC3) | (0<<DDC2) | (0<<DDC1) | (0<<DDC0);
000244 bbe4      	OUT  0x14,R30
                 ; 0000 00AC // State: Bit7=T Bit6=T Bit5=T Bit4=T Bit3=T Bit2=T Bit1=T Bit0=T
                 ; 0000 00AD PORTC=(0<<PORTC7) | (0<<PORTC6) | (0<<PORTC5) | (0<<PORTC4) | (0<<PORTC3) | (0<<PORTC2) | (0<<PORTC1) | (0<<PORTC0);
000245 bbe5      	OUT  0x15,R30
                 ; 0000 00AE 
                 ; 0000 00AF // Port D initialization
                 ; 0000 00B0 // Function: Bit7=Out Bit6=Out Bit5=Out Bit4=Out Bit3=Out Bit2=Out Bit1=Out Bit0=Out
                 ; 0000 00B1 DDRD=(1<<DDD7) | (1<<DDD6) | (1<<DDD5) | (1<<DDD4) | (1<<DDD3) | (1<<DDD2) | (1<<DDD1) | (1<<DDD0);
000246 efef      	LDI  R30,LOW(255)
000247 bbe1      	OUT  0x11,R30
                 ; 0000 00B2 // State: Bit7=0 Bit6=0 Bit5=0 Bit4=0 Bit3=0 Bit2=0 Bit1=0 Bit0=0
                 ; 0000 00B3 PORTD=(0<<PORTD7) | (0<<PORTD6) | (0<<PORTD5) | (0<<PORTD4) | (0<<PORTD3) | (0<<PORTD2) | (0<<PORTD1) | (0<<PORTD0);
000248 e0e0      	LDI  R30,LOW(0)
000249 bbe2      	OUT  0x12,R30
                 ; 0000 00B4 
                 ; 0000 00B5 // Timer/Counter 0 initialization
                 ; 0000 00B6 // Clock source: System Clock
                 ; 0000 00B7 // Clock value: 15.625 kHz
                 ; 0000 00B8 // Mode: Fast PWM top=0xFF
                 ; 0000 00B9 // OC0 output: Non-Inverted PWM
                 ; 0000 00BA // Timer Period: 16.384 ms
                 ; 0000 00BB // Output Pulse(s):
                 ; 0000 00BC // OC0 Period: 16.384 ms Width: 0 us
                 ; 0000 00BD TCCR0=(1<<WGM00) | (1<<COM01) | (0<<COM00) | (1<<WGM01) | (0<<CS02) | (1<<CS01) | (1<<CS00);
00024a e6eb      	LDI  R30,LOW(107)
00024b bfe3      	OUT  0x33,R30
                 ; 0000 00BE TCNT0=0x00;
00024c e0e0      	LDI  R30,LOW(0)
00024d bfe2      	OUT  0x32,R30
                 ; 0000 00BF OCR0=0x00;
00024e bfec      	OUT  0x3C,R30
                 ; 0000 00C0 
                 ; 0000 00C1 // Timer/Counter 1 initialization
                 ; 0000 00C2 // Clock source: System Clock
                 ; 0000 00C3 // Clock value: 15.625 kHz
                 ; 0000 00C4 // Mode: Fast PWM top=0x00FF
                 ; 0000 00C5 // OC1A output: Non-Inverted PWM
                 ; 0000 00C6 // OC1B output: Non-Inverted PWM
                 ; 0000 00C7 // Noise Canceler: Off
                 ; 0000 00C8 // Input Capture on Falling Edge
                 ; 0000 00C9 // Timer Period: 16.384 ms
                 ; 0000 00CA // Output Pulse(s):
                 ; 0000 00CB // OC1A Period: 16.384 ms Width: 0 us// OC1B Period: 16.384 ms Width: 0 us
                 ; 0000 00CC // Timer1 Overflow Interrupt: Off
                 ; 0000 00CD // Input Capture Interrupt: Off
                 ; 0000 00CE // Compare A Match Interrupt: Off
                 ; 0000 00CF // Compare B Match Interrupt: Off
                 ; 0000 00D0 TCCR1A=(1<<COM1A1) | (0<<COM1A0) | (1<<COM1B1) | (0<<COM1B0) | (0<<WGM11) | (1<<WGM10);
00024f eae1      	LDI  R30,LOW(161)
000250 bdef      	OUT  0x2F,R30
                 ; 0000 00D1 TCCR1B=(0<<ICNC1) | (0<<ICES1) | (0<<WGM13) | (1<<WGM12) | (0<<CS12) | (1<<CS11) | (1<<CS10);
000251 e0eb      	LDI  R30,LOW(11)
000252 bdee      	OUT  0x2E,R30
                 ; 0000 00D2 TCNT1H=0x00;
000253 e0e0      	LDI  R30,LOW(0)
000254 bded      	OUT  0x2D,R30
                 ; 0000 00D3 TCNT1L=0x00;
000255 bdec      	OUT  0x2C,R30
                 ; 0000 00D4 ICR1H=0x00;
000256 bde7      	OUT  0x27,R30
                 ; 0000 00D5 ICR1L=0x00;
000257 bde6      	OUT  0x26,R30
                 ; 0000 00D6 OCR1AH=0x00;
000258 bdeb      	OUT  0x2B,R30
                 ; 0000 00D7 OCR1AL=0x00;
000259 bdea      	OUT  0x2A,R30
                 ; 0000 00D8 OCR1BH=0x00;
00025a bde9      	OUT  0x29,R30
                 ; 0000 00D9 OCR1BL=0x00;
00025b bde8      	OUT  0x28,R30
                 ; 0000 00DA 
                 ; 0000 00DB // Timer/Counter 2 initialization
                 ; 0000 00DC // Clock source: System Clock
                 ; 0000 00DD // Clock value: 15.625 kHz
                 ; 0000 00DE // Mode: Fast PWM top=0xFF
                 ; 0000 00DF // OC2 output: Non-Inverted PWM
                 ; 0000 00E0 // Timer Period: 16.384 ms
                 ; 0000 00E1 // Output Pulse(s):
                 ; 0000 00E2 // OC2 Period: 16.384 ms Width: 0 us
                 ; 0000 00E3 ASSR=0<<AS2;
00025c bde2      	OUT  0x22,R30
                 ; 0000 00E4 TCCR2=(1<<PWM2) | (1<<COM21) | (0<<COM20) | (1<<CTC2) | (1<<CS22) | (0<<CS21) | (0<<CS20);
00025d e6ec      	LDI  R30,LOW(108)
00025e bde5      	OUT  0x25,R30
                 ; 0000 00E5 TCNT2=0x00;
00025f e0e0      	LDI  R30,LOW(0)
000260 bde4      	OUT  0x24,R30
                 ; 0000 00E6 OCR2=0x00;
000261 bde3      	OUT  0x23,R30
                 ; 0000 00E7 
                 ; 0000 00E8 // Timer(s)/Counter(s) Interrupt(s) initialization
                 ; 0000 00E9 TIMSK=(0<<OCIE2) | (0<<TOIE2) | (0<<TICIE1) | (0<<OCIE1A) | (0<<OCIE1B) | (0<<TOIE1) | (0<<OCIE0) | (0<<TOIE0);
000262 bfe9      	OUT  0x39,R30
                 ; 0000 00EA 
                 ; 0000 00EB // External Interrupt(s) initialization
                 ; 0000 00EC // INT0: Off
                 ; 0000 00ED // INT1: Off
                 ; 0000 00EE // INT2: Off
                 ; 0000 00EF MCUCR=(0<<ISC11) | (0<<ISC10) | (0<<ISC01) | (0<<ISC00);
000263 bfe5      	OUT  0x35,R30
                 ; 0000 00F0 MCUCSR=(0<<ISC2);
000264 bfe4      	OUT  0x34,R30
                 ; 0000 00F1 
                 ; 0000 00F2 // USART initialization
                 ; 0000 00F3 // USART disabled
                 ; 0000 00F4 UCSRB=(0<<RXCIE) | (0<<TXCIE) | (0<<UDRIE) | (0<<RXEN) | (0<<TXEN) | (0<<UCSZ2) | (0<<RXB8) | (0<<TXB8);
000265 b9ea      	OUT  0xA,R30
                 ; 0000 00F5 
                 ; 0000 00F6 // Analog Comparator initialization
                 ; 0000 00F7 // Analog Comparator: Off
                 ; 0000 00F8 // The Analog Comparator's positive input is
                 ; 0000 00F9 // connected to the AIN0 pin
                 ; 0000 00FA // The Analog Comparator's negative input is
                 ; 0000 00FB // connected to the AIN1 pin
                 ; 0000 00FC ACSR=(1<<ACD) | (0<<ACBG) | (0<<ACO) | (0<<ACI) | (0<<ACIE) | (0<<ACIC) | (0<<ACIS1) | (0<<ACIS0);
000266 e8e0      	LDI  R30,LOW(128)
000267 b9e8      	OUT  0x8,R30
                 ; 0000 00FD 
                 ; 0000 00FE // ADC initialization
                 ; 0000 00FF // ADC Clock frequency: 62.500 kHz
                 ; 0000 0100 // ADC Voltage Reference: AVCC pin
                 ; 0000 0101 // ADC Auto Trigger Source: ADC Stopped
                 ; 0000 0102 ADMUX=ADC_VREF_TYPE;
000268 e4e0      	LDI  R30,LOW(64)
000269 b9e7      	OUT  0x7,R30
                 ; 0000 0103 ADCSRA=(1<<ADEN) | (0<<ADSC) | (0<<ADATE) | (0<<ADIF) | (0<<ADIE) | (1<<ADPS2) | (0<<ADPS1) | (0<<ADPS0);
00026a e8e4      	LDI  R30,LOW(132)
00026b b9e6      	OUT  0x6,R30
                 ; 0000 0104 SFIOR=(0<<ADTS2) | (0<<ADTS1) | (0<<ADTS0);
00026c e0e0      	LDI  R30,LOW(0)
00026d bfe0      	OUT  0x30,R30
                 ; 0000 0105 
                 ; 0000 0106 // SPI initialization
                 ; 0000 0107 // SPI disabled
                 ; 0000 0108 SPCR=(0<<SPIE) | (0<<SPE) | (0<<DORD) | (0<<MSTR) | (0<<CPOL) | (0<<CPHA) | (0<<SPR1) | (0<<SPR0);
00026e b9ed      	OUT  0xD,R30
                 ; 0000 0109 
                 ; 0000 010A // TWI initialization
                 ; 0000 010B // TWI disabled
                 ; 0000 010C TWCR=(0<<TWEA) | (0<<TWSTA) | (0<<TWSTO) | (0<<TWEN) | (0<<TWIE);
00026f bfe6      	OUT  0x36,R30
                 ; 0000 010D 
                 ; 0000 010E // Alphanumeric LCD initialization
                 ; 0000 010F // Connections are specified in the
                 ; 0000 0110 // Project|Configure|C Compiler|Libraries|Alphanumeric LCD menu:
                 ; 0000 0111 // RS - PORTC Bit 0
                 ; 0000 0112 // RD - PORTC Bit 1
                 ; 0000 0113 // EN - PORTC Bit 2
                 ; 0000 0114 // D4 - PORTC Bit 4
                 ; 0000 0115 // D5 - PORTC Bit 5
                 ; 0000 0116 // D6 - PORTC Bit 6
                 ; 0000 0117 // D7 - PORTC Bit 7
                 ; 0000 0118 // Characters/line: 16
                 ; 0000 0119 lcd_init(16);
000270 e1a0      	LDI  R26,LOW(16)
000271 d063      	RCALL _lcd_init
                 ; 0000 011A }
                 ; 0000 011B while (1)
                 _0x56:
                 ; 0000 011C       {
                 ; 0000 011D       sensor();
000272 ddfd      	RCALL _sensor
                 ; 0000 011E       findball();
000273 df10      	RCALL _findball
                 ; 0000 011F       }
000274 cffd      	RJMP _0x56
                 ; 0000 0120 }
                 _0x59:
000275 cfff      	RJMP _0x59
                 ; .FEND
                 	#ifndef __SLEEP_DEFINED__
                 	#endif
                 
                 	.DSEG
                 
                 	.CSEG
                 __lcd_write_nibble_G100:
                 ; .FSTART __lcd_write_nibble_G100
000276 93aa      	ST   -Y,R26
000277 b3e5      	IN   R30,0x15
000278 70ef      	ANDI R30,LOW(0xF)
000279 2fae      	MOV  R26,R30
00027a 81e8      	LD   R30,Y
00027b 7fe0      	ANDI R30,LOW(0xF0)
00027c 2bea      	OR   R30,R26
00027d bbe5      	OUT  0x15,R30
                +
00027e e082     +LDI R24 , LOW ( 2 )
                +__DELAY_USB_LOOP :
00027f 958a     +DEC R24
000280 f7f1     +BRNE __DELAY_USB_LOOP
                 	__DELAY_USB 2
000281 9aaa      	SBI  0x15,2
                +
000282 e082     +LDI R24 , LOW ( 2 )
                +__DELAY_USB_LOOP :
000283 958a     +DEC R24
000284 f7f1     +BRNE __DELAY_USB_LOOP
                 	__DELAY_USB 2
000285 98aa      	CBI  0x15,2
                +
000286 e082     +LDI R24 , LOW ( 2 )
                +__DELAY_USB_LOOP :
000287 958a     +DEC R24
000288 f7f1     +BRNE __DELAY_USB_LOOP
                 	__DELAY_USB 2
000289 c073      	RJMP _0x2020001
                 ; .FEND
                 __lcd_write_data:
                 ; .FSTART __lcd_write_data
00028a 93aa      	ST   -Y,R26
00028b 81a8      	LD   R26,Y
00028c dfe9      	RCALL __lcd_write_nibble_G100
00028d 81e8          ld    r30,y
00028e 95e2          swap  r30
00028f 83e8          st    y,r30
000290 81a8      	LD   R26,Y
000291 dfe4      	RCALL __lcd_write_nibble_G100
                +
000292 e181     +LDI R24 , LOW ( 17 )
                +__DELAY_USB_LOOP :
000293 958a     +DEC R24
000294 f7f1     +BRNE __DELAY_USB_LOOP
                 	__DELAY_USB 17
000295 c067      	RJMP _0x2020001
                 ; .FEND
                 _lcd_gotoxy:
                 ; .FSTART _lcd_gotoxy
000296 93aa      	ST   -Y,R26
000297 81e8      	LD   R30,Y
000298 e0f0      	LDI  R31,0
000299 58e0      	SUBI R30,LOW(-__base_y_G100)
00029a 4ffe      	SBCI R31,HIGH(-__base_y_G100)
00029b 81e0      	LD   R30,Z
00029c 81a9      	LDD  R26,Y+1
00029d 0fae      	ADD  R26,R30
00029e dfeb      	RCALL __lcd_write_data
00029f 8099      	LDD  R9,Y+1
0002a0 8088      	LDD  R8,Y+0
0002a1 9622      	ADIW R28,2
0002a2 9508      	RET
                 ; .FEND
                 _lcd_clear:
                 ; .FSTART _lcd_clear
0002a3 e0a2      	LDI  R26,LOW(2)
0002a4 d098      	RCALL SUBOPT_0xA
0002a5 e0ac      	LDI  R26,LOW(12)
0002a6 dfe3      	RCALL __lcd_write_data
0002a7 e0a1      	LDI  R26,LOW(1)
0002a8 d094      	RCALL SUBOPT_0xA
0002a9 e0e0      	LDI  R30,LOW(0)
0002aa 2e8e      	MOV  R8,R30
0002ab 2e9e      	MOV  R9,R30
0002ac 9508      	RET
                 ; .FEND
                 _lcd_putchar:
                 ; .FSTART _lcd_putchar
0002ad 93aa      	ST   -Y,R26
0002ae 81a8      	LD   R26,Y
0002af 30aa      	CPI  R26,LOW(0xA)
0002b0 f011      	BREQ _0x2000005
0002b1 149b      	CP   R9,R11
0002b2 f048      	BRLO _0x2000004
                 _0x2000005:
0002b3 e0e0      	LDI  R30,LOW(0)
0002b4 93ea      	ST   -Y,R30
0002b5 9483      	INC  R8
0002b6 2da8      	MOV  R26,R8
0002b7 dfde      	RCALL _lcd_gotoxy
0002b8 81a8      	LD   R26,Y
0002b9 30aa      	CPI  R26,LOW(0xA)
0002ba f409      	BRNE _0x2000007
0002bb c041      	RJMP _0x2020001
                 _0x2000007:
                 _0x2000004:
0002bc 9493      	INC  R9
0002bd 9aa8      	SBI  0x15,0
0002be 81a8      	LD   R26,Y
0002bf dfca      	RCALL __lcd_write_data
0002c0 98a8      	CBI  0x15,0
0002c1 c03b      	RJMP _0x2020001
                 ; .FEND
                 _lcd_putsf:
                 ; .FSTART _lcd_putsf
0002c2 93ba      	ST   -Y,R27
0002c3 93aa      	ST   -Y,R26
0002c4 931a      	ST   -Y,R17
                 _0x200000B:
0002c5 81e9      	LDD  R30,Y+1
0002c6 81fa      	LDD  R31,Y+1+1
0002c7 9631      	ADIW R30,1
0002c8 83e9      	STD  Y+1,R30
0002c9 83fa      	STD  Y+1+1,R31
0002ca 9731      	SBIW R30,1
0002cb 91e4      	LPM  R30,Z
0002cc 2f1e      	MOV  R17,R30
0002cd 30e0      	CPI  R30,0
0002ce f019      	BREQ _0x200000D
0002cf 2fa1      	MOV  R26,R17
0002d0 dfdc      	RCALL _lcd_putchar
0002d1 cff3      	RJMP _0x200000B
                 _0x200000D:
0002d2 8118      	LDD  R17,Y+0
0002d3 9623      	ADIW R28,3
0002d4 9508      	RET
                 ; .FEND
                 _lcd_init:
                 ; .FSTART _lcd_init
0002d5 93aa      	ST   -Y,R26
0002d6 b3e4      	IN   R30,0x14
0002d7 6fe0      	ORI  R30,LOW(0xF0)
0002d8 bbe4      	OUT  0x14,R30
0002d9 9aa2      	SBI  0x14,2
0002da 9aa0      	SBI  0x14,0
0002db 9aa1      	SBI  0x14,1
0002dc 98aa      	CBI  0x15,2
0002dd 98a8      	CBI  0x15,0
0002de 98a9      	CBI  0x15,1
0002df 80b8      	LDD  R11,Y+0
0002e0 81e8      	LD   R30,Y
0002e1 58e0      	SUBI R30,-LOW(128)
                +
0002e2 93e0 0182+STS __base_y_G100 + ( 2 ) , R30
                 	__PUTB1MN __base_y_G100,2
0002e4 81e8      	LD   R30,Y
0002e5 54e0      	SUBI R30,-LOW(192)
                +
0002e6 93e0 0183+STS __base_y_G100 + ( 3 ) , R30
                 	__PUTB1MN __base_y_G100,3
0002e8 e1a4      	LDI  R26,LOW(20)
0002e9 e0b0      	LDI  R27,0
0002ea 940e 0348 	CALL _delay_ms
0002ec d055      	RCALL SUBOPT_0xB
0002ed d054      	RCALL SUBOPT_0xB
0002ee d053      	RCALL SUBOPT_0xB
0002ef e2a0      	LDI  R26,LOW(32)
0002f0 df85      	RCALL __lcd_write_nibble_G100
                +
0002f1 e281     +LDI R24 , LOW ( 33 )
                +__DELAY_USB_LOOP :
0002f2 958a     +DEC R24
0002f3 f7f1     +BRNE __DELAY_USB_LOOP
                 	__DELAY_USB 33
0002f4 e2a8      	LDI  R26,LOW(40)
0002f5 df94      	RCALL __lcd_write_data
0002f6 e0a4      	LDI  R26,LOW(4)
0002f7 df92      	RCALL __lcd_write_data
0002f8 e8a5      	LDI  R26,LOW(133)
0002f9 df90      	RCALL __lcd_write_data
0002fa e0a6      	LDI  R26,LOW(6)
0002fb df8e      	RCALL __lcd_write_data
0002fc dfa6      	RCALL _lcd_clear
                 _0x2020001:
0002fd 9621      	ADIW R28,1
0002fe 9508      	RET
                 ; .FEND
                 
                 	.DSEG
                 _led:
000160           	.BYTE 0x20
                 __base_y_G100:
000180           	.BYTE 0x4
                 
                 	.CSEG
                 ;OPTIMIZER ADDED SUBROUTINE, CALLED 3 TIMES, CODE SIZE REDUCTION:7 WORDS
                 SUBOPT_0x0:
0002ff 940e 0369 	CALL __DIVW21
000301 e0a1      	LDI  R26,LOW(1)
000302 e0b0      	LDI  R27,HIGH(1)
000303 940e 037c 	CALL __MANDW12
000305 30e0      	CPI  R30,0
000306 9508      	RET
                 
                 ;OPTIMIZER ADDED SUBROUTINE, CALLED 8 TIMES, CODE SIZE REDUCTION:11 WORDS
                 SUBOPT_0x1:
000307 e6a0      	LDI  R26,LOW(_led)
000308 e0b1      	LDI  R27,HIGH(_led)
000309 0fee      	LSL  R30
00030a 1fff      	ROL  R31
00030b 9508      	RET
                 
                 ;OPTIMIZER ADDED SUBROUTINE, CALLED 6 TIMES, CODE SIZE REDUCTION:7 WORDS
                 SUBOPT_0x2:
00030c 0fae      	ADD  R26,R30
00030d 1fbf      	ADC  R27,R31
00030e 940e 0394 	CALL __GETW1P
000310 9508      	RET
                 
                 ;OPTIMIZER ADDED SUBROUTINE, CALLED 2 TIMES, CODE SIZE REDUCTION:8 WORDS
                 SUBOPT_0x3:
000311 e0ea      	LDI  R30,LOW(10)
000312 e0f0      	LDI  R31,HIGH(10)
000313 940e 0369 	CALL __DIVW21
000315 01df      	MOVW R26,R30
000316 e0ea      	LDI  R30,LOW(10)
000317 e0f0      	LDI  R31,HIGH(10)
000318 940e 036e 	CALL __MODW21
00031a 5de0      	SUBI R30,-LOW(48)
00031b 2fae      	MOV  R26,R30
00031c cf90      	RJMP _lcd_putchar
                 
                 ;OPTIMIZER ADDED SUBROUTINE, CALLED 4 TIMES, CODE SIZE REDUCTION:15 WORDS
                 SUBOPT_0x4:
00031d e0ea      	LDI  R30,LOW(10)
00031e e0f0      	LDI  R31,HIGH(10)
00031f 940e 036e 	CALL __MODW21
000321 5de0      	SUBI R30,-LOW(48)
000322 2fae      	MOV  R26,R30
000323 cf89      	RJMP _lcd_putchar
                 
                 ;OPTIMIZER ADDED SUBROUTINE, CALLED 14 TIMES, CODE SIZE REDUCTION:23 WORDS
                 SUBOPT_0x5:
000324 efef      	LDI  R30,LOW(255)
000325 e0f0      	LDI  R31,HIGH(255)
000326 93fa      	ST   -Y,R31
000327 93ea      	ST   -Y,R30
000328 9508      	RET
                 
                 ;OPTIMIZER ADDED SUBROUTINE, CALLED 14 TIMES, CODE SIZE REDUCTION:23 WORDS
                 SUBOPT_0x6:
000329 e0e1      	LDI  R30,LOW(65281)
00032a efff      	LDI  R31,HIGH(65281)
00032b 93fa      	ST   -Y,R31
00032c 93ea      	ST   -Y,R30
00032d 9508      	RET
                 
                 ;OPTIMIZER ADDED SUBROUTINE, CALLED 6 TIMES, CODE SIZE REDUCTION:7 WORDS
                 SUBOPT_0x7:
00032e e8e0      	LDI  R30,LOW(128)
00032f e0f0      	LDI  R31,HIGH(128)
000330 93fa      	ST   -Y,R31
000331 93ea      	ST   -Y,R30
000332 9508      	RET
                 
                 ;OPTIMIZER ADDED SUBROUTINE, CALLED 6 TIMES, CODE SIZE REDUCTION:7 WORDS
                 SUBOPT_0x8:
000333 e8e0      	LDI  R30,LOW(65408)
000334 efff      	LDI  R31,HIGH(65408)
000335 93fa      	ST   -Y,R31
000336 93ea      	ST   -Y,R30
000337 9508      	RET
                 
                 ;OPTIMIZER ADDED SUBROUTINE, CALLED 6 TIMES, CODE SIZE REDUCTION:7 WORDS
                 SUBOPT_0x9:
000338 e0e0      	LDI  R30,LOW(0)
000339 e0f0      	LDI  R31,HIGH(0)
00033a 93fa      	ST   -Y,R31
00033b 93ea      	ST   -Y,R30
00033c 9508      	RET
                 
                 ;OPTIMIZER ADDED SUBROUTINE, CALLED 2 TIMES, CODE SIZE REDUCTION:1 WORDS
                 SUBOPT_0xA:
00033d df4c      	RCALL __lcd_write_data
00033e e0a3      	LDI  R26,LOW(3)
00033f e0b0      	LDI  R27,0
000340 940c 0348 	JMP  _delay_ms
                 
                 ;OPTIMIZER ADDED SUBROUTINE, CALLED 3 TIMES, CODE SIZE REDUCTION:5 WORDS
                 SUBOPT_0xB:
000342 e3a0      	LDI  R26,LOW(48)
000343 df32      	RCALL __lcd_write_nibble_G100
                +
000344 e281     +LDI R24 , LOW ( 33 )
                +__DELAY_USB_LOOP :
000345 958a     +DEC R24
000346 f7f1     +BRNE __DELAY_USB_LOOP
                 	__DELAY_USB 33
000347 9508      	RET
                 
                 
                 	.CSEG
                 _delay_ms:
000348 9610      	adiw r26,0
000349 f039      	breq __delay_ms1
                 __delay_ms0:
                +
00034a ef8a     +LDI R24 , LOW ( 0xFA )
00034b e090     +LDI R25 , HIGH ( 0xFA )
                +__DELAY_USW_LOOP :
00034c 9701     +SBIW R24 , 1
00034d f7f1     +BRNE __DELAY_USW_LOOP
                 	__DELAY_USW 0xFA
00034e 95a8      	wdr
00034f 9711      	sbiw r26,1
000350 f7c9      	brne __delay_ms0
                 __delay_ms1:
000351 9508      	ret
                 
                 __ANEGW1:
000352 95f1      	NEG  R31
000353 95e1      	NEG  R30
000354 40f0      	SBCI R31,0
000355 9508      	RET
                 
                 __DIVW21U:
000356 2400      	CLR  R0
000357 2411      	CLR  R1
000358 e190      	LDI  R25,16
                 __DIVW21U1:
000359 0faa      	LSL  R26
00035a 1fbb      	ROL  R27
00035b 1c00      	ROL  R0
00035c 1c11      	ROL  R1
00035d 1a0e      	SUB  R0,R30
00035e 0a1f      	SBC  R1,R31
00035f f418      	BRCC __DIVW21U2
000360 0e0e      	ADD  R0,R30
000361 1e1f      	ADC  R1,R31
000362 c001      	RJMP __DIVW21U3
                 __DIVW21U2:
000363 60a1      	SBR  R26,1
                 __DIVW21U3:
000364 959a      	DEC  R25
000365 f799      	BRNE __DIVW21U1
000366 01fd      	MOVW R30,R26
000367 01d0      	MOVW R26,R0
000368 9508      	RET
                 
                 __DIVW21:
000369 d01c      	RCALL __CHKSIGNW
00036a dfeb      	RCALL __DIVW21U
00036b f40e      	BRTC __DIVW211
00036c dfe5      	RCALL __ANEGW1
                 __DIVW211:
00036d 9508      	RET
                 
                 __MODW21:
00036e 94e8      	CLT
00036f ffb7      	SBRS R27,7
000370 c004      	RJMP __MODW211
000371 95a0      	COM  R26
000372 95b0      	COM  R27
000373 9611      	ADIW R26,1
000374 9468      	SET
                 __MODW211:
000375 fdf7      	SBRC R31,7
000376 dfdb      	RCALL __ANEGW1
000377 dfde      	RCALL __DIVW21U
000378 01fd      	MOVW R30,R26
000379 f40e      	BRTC __MODW212
00037a dfd7      	RCALL __ANEGW1
                 __MODW212:
00037b 9508      	RET
                 
                 __MANDW12:
00037c 94e8      	CLT
00037d fff7      	SBRS R31,7
00037e c002      	RJMP __MANDW121
00037f dfd2      	RCALL __ANEGW1
000380 9468      	SET
                 __MANDW121:
000381 23ea      	AND  R30,R26
000382 23fb      	AND  R31,R27
000383 f40e      	BRTC __MANDW122
000384 dfcd      	RCALL __ANEGW1
                 __MANDW122:
000385 9508      	RET
                 
                 __CHKSIGNW:
000386 94e8      	CLT
000387 fff7      	SBRS R31,7
000388 c002      	RJMP __CHKSW1
000389 dfc8      	RCALL __ANEGW1
00038a 9468      	SET
                 __CHKSW1:
00038b ffb7      	SBRS R27,7
00038c c006      	RJMP __CHKSW2
00038d 95a0      	COM  R26
00038e 95b0      	COM  R27
00038f 9611      	ADIW R26,1
000390 f800      	BLD  R0,0
000391 9403      	INC  R0
000392 fa00      	BST  R0,0
                 __CHKSW2:
000393 9508      	RET
                 
                 __GETW1P:
000394 91ed      	LD   R30,X+
000395 91fc      	LD   R31,X
000396 9711      	SBIW R26,1
000397 9508      	RET
                 
                 ;END OF CODE MARKER
                 __END_OF_CODE:


RESOURCE USE INFORMATION
------------------------

Notice:
The register and instruction counts are symbol table hit counts,
and hence implicitly used resources are not counted, eg, the
'lpm' instruction without operands implicitly uses r0 and z,
none of which are counted.

x,y,z are separate entities in the symbol table and are
counted separately from r26..r31 here.

.dseg memory usage only counts static data declared with .byte

ATmega16 register use summary:
r0 :  16 r1 :   7 r2 :   0 r3 :   0 r4 :  11 r5 :   2 r6 :  25 r7 :  16 
r8 :   4 r9 :   4 r10:   0 r11:   2 r12:   0 r13:   0 r14:   0 r15:   0 
r16:   0 r17:   4 r18:   0 r19:   0 r20:   0 r21:   0 r22:   2 r23:   0 
r24:  23 r25:   5 r26: 123 r27:  52 r28:   5 r29:   1 r30: 247 r31:  94 
x  :   9 y  :  94 z  :   9 
Registers used: 22 out of 35 (62.9%)

ATmega16 instruction use summary:
.lds  :   0 .lds.l:   0 .sts  :   0 .sts.l:   0 adc   :   4 add   :   5 
adiw  :   9 and   :   2 andi  :   2 asr   :   0 bclr  :   0 bld   :   1 
brbc  :   0 brbs  :   0 brcc  :   1 brcs  :   0 break :   0 breq  :   4 
brge  :   5 brhc  :   0 brhs  :   0 brid  :   0 brie  :   0 brlo  :   1 
brlt  :   6 brmi  :   4 brne  :  34 brpl  :   4 brsh  :   0 brtc  :   3 
brts  :   0 brvc  :   0 brvs  :   0 bset  :   0 bst   :   1 call  :  34 
cbi   :  13 cbr   :   0 clc   :   0 clh   :   0 cli   :   1 cln   :   0 
clr   :   6 cls   :   0 clt   :   3 clv   :   0 clz   :   0 com   :   4 
cp    :  18 cpc   :  26 cpi   :  14 cpse  :   0 dec   :   9 des   :   0 
eor   :   0 fmul  :   0 fmuls :   0 fmulsu:   0 icall :   0 ijmp  :   0 
in    :   4 inc   :   3 jmp   :  24 ld    :  20 ldd   :  35 ldi   : 185 
lds   :   0 lpm   :   9 lsl   :   2 lsr   :   0 mov   :   9 movw  :  30 
mul   :   0 muls  :   0 mulsu :   0 neg   :   2 nop   :   0 or    :   2 
ori   :   2 out   :  48 pop   :   2 push  :   2 rcall :  82 ret   :  24 
reti  :   0 rjmp  :  42 rol   :   4 ror   :   0 sbc   :   1 sbci  :   2 
sbi   :  15 sbic  :   0 sbis  :   1 sbiw  :   7 sbr   :   1 sbrc  :   1 
sbrs  :   4 sec   :   0 seh   :   0 sei   :   0 sen   :   0 ser   :   0 
ses   :   0 set   :   3 sev   :   0 sez   :   0 sleep :   0 spm   :   0 
st    :  33 std   :  16 sts   :   2 sub   :   1 subi  :   9 swap  :   1 
tst   :   8 wdr   :   1 
Instructions used: 63 out of 116 (54.3%)

ATmega16 memory use summary [bytes]:
Segment   Begin    End      Code   Data   Used    Size   Use%
---------------------------------------------------------------
[.cseg] 0x000000 0x000730   1820     20   1840   16384  11.2%
[.dseg] 0x000060 0x000184      0     36     36    1024   3.5%
[.eseg] 0x000000 0x000000      0      0      0     512   0.0%

Assembly complete, 0 errors, 8 warnings
